
Lmod is automatically replacing "intel/2020.1.217" with "gcc/9.3.0".


Due to MODULEPATH changes, the following have been reloaded:
  1) openmpi/4.0.3

Received arguments: 3 75 76 100
Loading required package: lpSolve
        ../Core/cv.lvg.R ../Core/cv.slice.R ../Core/helper.R ../Core/lvglasso.R
value   ?                ?                  ?                ?                 
visible FALSE            FALSE              FALSE            FALSE             
        ../Core/runsim.R ../Core/sims.R ../Core/slice.R
value   ?                ?              ?              
visible FALSE            FALSE          FALSE          
[1] "plat: 3"
[1] "n: 75"
[1] "start: 76"
[1] "end: 100"
[1] "SIM ITER 76"
[1] "gamma: 1e-05"
[1] "lambda: 1e-05"
[1] "lambda: 9.99999999999999e-05"
[1] "lambda: 0.001"
[1] "lambda: 0.01"
[1] "lambda: 0.1"
[1] "gamma: 9.99999999999999e-05"
[1] "lambda: 1e-05"
[1] "lambda: 9.99999999999999e-05"
Error in eigen(if (extra_args$use_lower) A else t(A), symmetric = TRUE,  : 
  error code 1 from Lapack routine 'dsyevr'
Calls: runsim -> cv.lvg -> lvglasso -> nucl_shr
Execution halted
