Received arguments: 6 225 26 50
Loading required package: lpSolve
        ../Core/cv.lvg.R ../Core/cv.slice.R ../Core/helper.R ../Core/lvglasso.R
value   ?                ?                  ?                ?                 
visible FALSE            FALSE              FALSE            FALSE             
        ../Core/runsim.R ../Core/sims.R ../Core/slice.R
value   ?                ?              ?              
visible FALSE            FALSE          FALSE          
[1] "plat: 6"
[1] "n: 225"
[1] "start: 26"
[1] "end: 50"
[1] "SIM ITER 26"
[1] "gamma: 1e-05"
[1] "lambda: 1e-05"
[1] "lambda: 9.99999999999999e-05"
[1] "lambda: 0.001"
[1] "lambda: 0.01"
[1] "lambda: 0.1"
[1] "gamma: 9.99999999999999e-05"
[1] "lambda: 1e-05"
[1] "lambda: 9.99999999999999e-05"
[1] "lambda: 0.001"
[1] "lambda: 0.01"
[1] "lambda: 0.1"
[1] "gamma: 0.001"
[1] "lambda: 1e-05"
[1] "lambda: 9.99999999999999e-05"
[1] "lambda: 0.001"
[1] "lambda: 0.01"
[1] "lambda: 0.1"
[1] "gamma: 0.01"
[1] "lambda: 1e-05"
[1] "lambda: 9.99999999999999e-05"
[1] "lambda: 0.001"
[1] "lambda: 0.01"
[1] "lambda: 0.1"
[1] "gamma: 0.1"
[1] "lambda: 1e-05"
[1] "lambda: 9.99999999999999e-05"
[1] "lambda: 0.001"
[1] "lambda: 0.01"
[1] "lambda: 0.1"
[1] "rank: 2"
[1] "lambda: 1e-05"
[1] "lambda: 9.99999999999999e-05"
[1] "lambda: 0.001"
[1] "lambda: 0.01"
[1] "lambda: 0.1"
[1] "rank: 3"
[1] "lambda: 1e-05"
[1] "lambda: 9.99999999999999e-05"
[1] "lambda: 0.001"
[1] "lambda: 0.01"
[1] "lambda: 0.1"
[1] "rank: 4"
[1] "lambda: 1e-05"
[1] "lambda: 9.99999999999999e-05"
[1] "lambda: 0.001"
[1] "lambda: 0.01"
[1] "lambda: 0.1"
[1] "rank: 5"
[1] "lambda: 1e-05"
[1] "lambda: 9.99999999999999e-05"
[1] "lambda: 0.001"
[1] "lambda: 0.01"
[1] "lambda: 0.1"
[1] "rank: 6"
[1] "lambda: 1e-05"
[1] "lambda: 9.99999999999999e-05"
[1] "lambda: 0.001"
[1] "lambda: 0.01"
[1] "lambda: 0.1"
[1] "SIM ITER 27"
[1] "gamma: 1e-05"
[1] "lambda: 1e-05"
[1] "lambda: 9.99999999999999e-05"
[1] "lambda: 0.001"
[1] "lambda: 0.01"
[1] "lambda: 0.1"
[1] "gamma: 9.99999999999999e-05"
[1] "lambda: 1e-05"
[1] "lambda: 9.99999999999999e-05"
[1] "lambda: 0.001"
[1] "lambda: 0.01"
[1] "lambda: 0.1"
[1] "gamma: 0.001"
[1] "lambda: 1e-05"
[1] "lambda: 9.99999999999999e-05"
[1] "lambda: 0.001"
[1] "lambda: 0.01"
[1] "lambda: 0.1"
[1] "gamma: 0.01"
[1] "lambda: 1e-05"
[1] "lambda: 9.99999999999999e-05"
[1] "lambda: 0.001"
[1] "lambda: 0.01"
[1] "lambda: 0.1"
[1] "gamma: 0.1"
[1] "lambda: 1e-05"
[1] "lambda: 9.99999999999999e-05"
[1] "lambda: 0.001"
[1] "lambda: 0.01"
[1] "lambda: 0.1"
[1] "rank: 2"
[1] "lambda: 1e-05"
[1] "lambda: 9.99999999999999e-05"
[1] "lambda: 0.001"
[1] "lambda: 0.01"
[1] "lambda: 0.1"
[1] "rank: 3"
[1] "lambda: 1e-05"
[1] "lambda: 9.99999999999999e-05"
[1] "lambda: 0.001"
[1] "lambda: 0.01"
[1] "lambda: 0.1"
[1] "rank: 4"
[1] "lambda: 1e-05"
[1] "lambda: 9.99999999999999e-05"
[1] "lambda: 0.001"
[1] "lambda: 0.01"
[1] "lambda: 0.1"
[1] "rank: 5"
[1] "lambda: 1e-05"
[1] "lambda: 9.99999999999999e-05"
[1] "lambda: 0.001"
[1] "lambda: 0.01"
[1] "lambda: 0.1"
[1] "rank: 6"
[1] "lambda: 1e-05"
[1] "lambda: 9.99999999999999e-05"
[1] "lambda: 0.001"
[1] "lambda: 0.01"
[1] "lambda: 0.1"
[1] "SIM ITER 28"
[1] "gamma: 1e-05"
[1] "lambda: 1e-05"
[1] "lambda: 9.99999999999999e-05"
[1] "lambda: 0.001"
[1] "lambda: 0.01"
[1] "lambda: 0.1"
[1] "gamma: 9.99999999999999e-05"
[1] "lambda: 1e-05"
[1] "lambda: 9.99999999999999e-05"
[1] "lambda: 0.001"
[1] "lambda: 0.01"
[1] "lambda: 0.1"
[1] "gamma: 0.001"
[1] "lambda: 1e-05"
[1] "lambda: 9.99999999999999e-05"
[1] "lambda: 0.001"
[1] "lambda: 0.01"
[1] "lambda: 0.1"
[1] "gamma: 0.01"
[1] "lambda: 1e-05"
[1] "lambda: 9.99999999999999e-05"
[1] "lambda: 0.001"
[1] "lambda: 0.01"
[1] "lambda: 0.1"
[1] "gamma: 0.1"
[1] "lambda: 1e-05"
[1] "lambda: 9.99999999999999e-05"
[1] "lambda: 0.001"
[1] "lambda: 0.01"
[1] "lambda: 0.1"
[1] "rank: 2"
[1] "lambda: 1e-05"
[1] "lambda: 9.99999999999999e-05"
[1] "lambda: 0.001"
[1] "lambda: 0.01"
[1] "lambda: 0.1"
[1] "rank: 3"
[1] "lambda: 1e-05"
[1] "lambda: 9.99999999999999e-05"
[1] "lambda: 0.001"
[1] "lambda: 0.01"
[1] "lambda: 0.1"
[1] "rank: 4"
[1] "lambda: 1e-05"
[1] "lambda: 9.99999999999999e-05"
[1] "lambda: 0.001"
[1] "lambda: 0.01"
[1] "lambda: 0.1"
[1] "rank: 5"
[1] "lambda: 1e-05"
[1] "lambda: 9.99999999999999e-05"
[1] "lambda: 0.001"
[1] "lambda: 0.01"
[1] "lambda: 0.1"
[1] "rank: 6"
[1] "lambda: 1e-05"
[1] "lambda: 9.99999999999999e-05"
[1] "lambda: 0.001"
[1] "lambda: 0.01"
[1] "lambda: 0.1"
[1] "SIM ITER 29"
[1] "gamma: 1e-05"
[1] "lambda: 1e-05"
[1] "lambda: 9.99999999999999e-05"
[1] "lambda: 0.001"
[1] "lambda: 0.01"
[1] "lambda: 0.1"
[1] "gamma: 9.99999999999999e-05"
[1] "lambda: 1e-05"
[1] "lambda: 9.99999999999999e-05"
[1] "lambda: 0.001"
[1] "lambda: 0.01"
[1] "lambda: 0.1"
[1] "gamma: 0.001"
[1] "lambda: 1e-05"
[1] "lambda: 9.99999999999999e-05"
[1] "lambda: 0.001"
[1] "lambda: 0.01"
[1] "lambda: 0.1"
[1] "gamma: 0.01"
[1] "lambda: 1e-05"
[1] "lambda: 9.99999999999999e-05"
[1] "lambda: 0.001"
[1] "lambda: 0.01"
[1] "lambda: 0.1"
[1] "gamma: 0.1"
[1] "lambda: 1e-05"
[1] "lambda: 9.99999999999999e-05"
[1] "lambda: 0.001"
[1] "lambda: 0.01"
[1] "lambda: 0.1"
[1] "rank: 2"
[1] "lambda: 1e-05"
[1] "lambda: 9.99999999999999e-05"
[1] "lambda: 0.001"
[1] "lambda: 0.01"
[1] "lambda: 0.1"
[1] "rank: 3"
[1] "lambda: 1e-05"
[1] "lambda: 9.99999999999999e-05"
[1] "lambda: 0.001"
[1] "lambda: 0.01"
[1] "lambda: 0.1"
[1] "rank: 4"
[1] "lambda: 1e-05"
[1] "lambda: 9.99999999999999e-05"
[1] "lambda: 0.001"
[1] "lambda: 0.01"
[1] "lambda: 0.1"
[1] "rank: 5"
[1] "lambda: 1e-05"
[1] "lambda: 9.99999999999999e-05"
[1] "lambda: 0.001"
[1] "lambda: 0.01"
[1] "lambda: 0.1"
[1] "rank: 6"
[1] "lambda: 1e-05"
[1] "lambda: 9.99999999999999e-05"
[1] "lambda: 0.001"
[1] "lambda: 0.01"
[1] "lambda: 0.1"
[1] "SIM ITER 30"
[1] "gamma: 1e-05"
[1] "lambda: 1e-05"
[1] "lambda: 9.99999999999999e-05"
[1] "lambda: 0.001"
[1] "lambda: 0.01"
[1] "lambda: 0.1"
[1] "gamma: 9.99999999999999e-05"
[1] "lambda: 1e-05"
[1] "lambda: 9.99999999999999e-05"
[1] "lambda: 0.001"
[1] "lambda: 0.01"
[1] "lambda: 0.1"
[1] "gamma: 0.001"
[1] "lambda: 1e-05"
[1] "lambda: 9.99999999999999e-05"
[1] "lambda: 0.001"
[1] "lambda: 0.01"
[1] "lambda: 0.1"
[1] "gamma: 0.01"
[1] "lambda: 1e-05"
[1] "lambda: 9.99999999999999e-05"
[1] "lambda: 0.001"
[1] "lambda: 0.01"
[1] "lambda: 0.1"
[1] "gamma: 0.1"
[1] "lambda: 1e-05"
[1] "lambda: 9.99999999999999e-05"
[1] "lambda: 0.001"
[1] "lambda: 0.01"
[1] "lambda: 0.1"
[1] "rank: 2"
[1] "lambda: 1e-05"
[1] "lambda: 9.99999999999999e-05"
[1] "lambda: 0.001"
[1] "lambda: 0.01"
[1] "lambda: 0.1"
[1] "rank: 3"
[1] "lambda: 1e-05"
[1] "lambda: 9.99999999999999e-05"
[1] "lambda: 0.001"
[1] "lambda: 0.01"
[1] "lambda: 0.1"
[1] "rank: 4"
[1] "lambda: 1e-05"
[1] "lambda: 9.99999999999999e-05"
[1] "lambda: 0.001"
[1] "lambda: 0.01"
[1] "lambda: 0.1"
[1] "rank: 5"
[1] "lambda: 1e-05"
[1] "lambda: 9.99999999999999e-05"
[1] "lambda: 0.001"
[1] "lambda: 0.01"
[1] "lambda: 0.1"
[1] "rank: 6"
[1] "lambda: 1e-05"
[1] "lambda: 9.99999999999999e-05"
[1] "lambda: 0.001"
[1] "lambda: 0.01"
[1] "lambda: 0.1"
[1] "SIM ITER 31"
[1] "gamma: 1e-05"
[1] "lambda: 1e-05"
[1] "lambda: 9.99999999999999e-05"
[1] "lambda: 0.001"
[1] "lambda: 0.01"
[1] "lambda: 0.1"
[1] "gamma: 9.99999999999999e-05"
[1] "lambda: 1e-05"
[1] "lambda: 9.99999999999999e-05"
[1] "lambda: 0.001"
[1] "lambda: 0.01"
[1] "lambda: 0.1"
[1] "gamma: 0.001"
[1] "lambda: 1e-05"
[1] "lambda: 9.99999999999999e-05"
[1] "lambda: 0.001"
[1] "lambda: 0.01"
[1] "lambda: 0.1"
[1] "gamma: 0.01"
[1] "lambda: 1e-05"
[1] "lambda: 9.99999999999999e-05"
[1] "lambda: 0.001"
[1] "lambda: 0.01"
[1] "lambda: 0.1"
[1] "gamma: 0.1"
[1] "lambda: 1e-05"
[1] "lambda: 9.99999999999999e-05"
[1] "lambda: 0.001"
[1] "lambda: 0.01"
[1] "lambda: 0.1"
[1] "rank: 2"
[1] "lambda: 1e-05"
[1] "lambda: 9.99999999999999e-05"
[1] "lambda: 0.001"
[1] "lambda: 0.01"
[1] "lambda: 0.1"
[1] "rank: 3"
[1] "lambda: 1e-05"
[1] "lambda: 9.99999999999999e-05"
[1] "lambda: 0.001"
[1] "lambda: 0.01"
[1] "lambda: 0.1"
[1] "rank: 4"
[1] "lambda: 1e-05"
[1] "lambda: 9.99999999999999e-05"
[1] "lambda: 0.001"
[1] "lambda: 0.01"
[1] "lambda: 0.1"
[1] "rank: 5"
[1] "lambda: 1e-05"
[1] "lambda: 9.99999999999999e-05"
[1] "lambda: 0.001"
[1] "lambda: 0.01"
[1] "lambda: 0.1"
[1] "rank: 6"
[1] "lambda: 1e-05"
[1] "lambda: 9.99999999999999e-05"
[1] "lambda: 0.001"
[1] "lambda: 0.01"
[1] "lambda: 0.1"
[1] "SIM ITER 32"
[1] "gamma: 1e-05"
[1] "lambda: 1e-05"
[1] "lambda: 9.99999999999999e-05"
[1] "lambda: 0.001"
[1] "lambda: 0.01"
[1] "lambda: 0.1"
[1] "gamma: 9.99999999999999e-05"
[1] "lambda: 1e-05"
[1] "lambda: 9.99999999999999e-05"
[1] "lambda: 0.001"
[1] "lambda: 0.01"
[1] "lambda: 0.1"
[1] "gamma: 0.001"
[1] "lambda: 1e-05"
[1] "lambda: 9.99999999999999e-05"
[1] "lambda: 0.001"
[1] "lambda: 0.01"
[1] "lambda: 0.1"
[1] "gamma: 0.01"
[1] "lambda: 1e-05"
[1] "lambda: 9.99999999999999e-05"
[1] "lambda: 0.001"
[1] "lambda: 0.01"
[1] "lambda: 0.1"
[1] "gamma: 0.1"
[1] "lambda: 1e-05"
[1] "lambda: 9.99999999999999e-05"
[1] "lambda: 0.001"
[1] "lambda: 0.01"
[1] "lambda: 0.1"
[1] "rank: 2"
[1] "lambda: 1e-05"
[1] "lambda: 9.99999999999999e-05"
[1] "lambda: 0.001"
[1] "lambda: 0.01"
[1] "lambda: 0.1"
[1] "rank: 3"
[1] "lambda: 1e-05"
[1] "lambda: 9.99999999999999e-05"
[1] "lambda: 0.001"
[1] "lambda: 0.01"
[1] "lambda: 0.1"
[1] "rank: 4"
[1] "lambda: 1e-05"
[1] "lambda: 9.99999999999999e-05"
[1] "lambda: 0.001"
[1] "lambda: 0.01"
[1] "lambda: 0.1"
[1] "rank: 5"
[1] "lambda: 1e-05"
[1] "lambda: 9.99999999999999e-05"
[1] "lambda: 0.001"
[1] "lambda: 0.01"
[1] "lambda: 0.1"
[1] "rank: 6"
[1] "lambda: 1e-05"
[1] "lambda: 9.99999999999999e-05"
[1] "lambda: 0.001"
[1] "lambda: 0.01"
[1] "lambda: 0.1"
[1] "SIM ITER 33"
[1] "gamma: 1e-05"
[1] "lambda: 1e-05"
[1] "lambda: 9.99999999999999e-05"
[1] "lambda: 0.001"
[1] "lambda: 0.01"
[1] "lambda: 0.1"
[1] "gamma: 9.99999999999999e-05"
[1] "lambda: 1e-05"
[1] "lambda: 9.99999999999999e-05"
[1] "lambda: 0.001"
[1] "lambda: 0.01"
[1] "lambda: 0.1"
[1] "gamma: 0.001"
[1] "lambda: 1e-05"
[1] "lambda: 9.99999999999999e-05"
[1] "lambda: 0.001"
[1] "lambda: 0.01"
[1] "lambda: 0.1"
[1] "gamma: 0.01"
[1] "lambda: 1e-05"
[1] "lambda: 9.99999999999999e-05"
[1] "lambda: 0.001"
[1] "lambda: 0.01"
[1] "lambda: 0.1"
[1] "gamma: 0.1"
[1] "lambda: 1e-05"
[1] "lambda: 9.99999999999999e-05"
[1] "lambda: 0.001"
[1] "lambda: 0.01"
[1] "lambda: 0.1"
[1] "rank: 2"
[1] "lambda: 1e-05"
[1] "lambda: 9.99999999999999e-05"
[1] "lambda: 0.001"
[1] "lambda: 0.01"
[1] "lambda: 0.1"
[1] "rank: 3"
[1] "lambda: 1e-05"
[1] "lambda: 9.99999999999999e-05"
[1] "lambda: 0.001"
[1] "lambda: 0.01"
[1] "lambda: 0.1"
[1] "rank: 4"
[1] "lambda: 1e-05"
[1] "lambda: 9.99999999999999e-05"
[1] "lambda: 0.001"
[1] "lambda: 0.01"
[1] "lambda: 0.1"
[1] "rank: 5"
[1] "lambda: 1e-05"
[1] "lambda: 9.99999999999999e-05"
[1] "lambda: 0.001"
[1] "lambda: 0.01"
[1] "lambda: 0.1"
[1] "rank: 6"
[1] "lambda: 1e-05"
[1] "lambda: 9.99999999999999e-05"
[1] "lambda: 0.001"
[1] "lambda: 0.01"
[1] "lambda: 0.1"
[1] "SIM ITER 34"
[1] "gamma: 1e-05"
[1] "lambda: 1e-05"
[1] "lambda: 9.99999999999999e-05"
[1] "lambda: 0.001"
[1] "lambda: 0.01"
[1] "lambda: 0.1"
[1] "gamma: 9.99999999999999e-05"
[1] "lambda: 1e-05"
[1] "lambda: 9.99999999999999e-05"
[1] "lambda: 0.001"
[1] "lambda: 0.01"
[1] "lambda: 0.1"
[1] "gamma: 0.001"
[1] "lambda: 1e-05"
[1] "lambda: 9.99999999999999e-05"
[1] "lambda: 0.001"
[1] "lambda: 0.01"
[1] "lambda: 0.1"
[1] "gamma: 0.01"
[1] "lambda: 1e-05"
[1] "lambda: 9.99999999999999e-05"
[1] "lambda: 0.001"
[1] "lambda: 0.01"
[1] "lambda: 0.1"
[1] "gamma: 0.1"
[1] "lambda: 1e-05"
[1] "lambda: 9.99999999999999e-05"
[1] "lambda: 0.001"
[1] "lambda: 0.01"
[1] "lambda: 0.1"
[1] "rank: 2"
[1] "lambda: 1e-05"
[1] "lambda: 9.99999999999999e-05"
[1] "lambda: 0.001"
[1] "lambda: 0.01"
[1] "lambda: 0.1"
[1] "rank: 3"
[1] "lambda: 1e-05"
[1] "lambda: 9.99999999999999e-05"
[1] "lambda: 0.001"
[1] "lambda: 0.01"
[1] "lambda: 0.1"
[1] "rank: 4"
[1] "lambda: 1e-05"
[1] "lambda: 9.99999999999999e-05"
[1] "lambda: 0.001"
[1] "lambda: 0.01"
[1] "lambda: 0.1"
[1] "rank: 5"
[1] "lambda: 1e-05"
[1] "lambda: 9.99999999999999e-05"
[1] "lambda: 0.001"
[1] "lambda: 0.01"
[1] "lambda: 0.1"
[1] "rank: 6"
[1] "lambda: 1e-05"
[1] "lambda: 9.99999999999999e-05"
[1] "lambda: 0.001"
[1] "lambda: 0.01"
[1] "lambda: 0.1"
[1] "SIM ITER 35"
[1] "gamma: 1e-05"
[1] "lambda: 1e-05"
[1] "lambda: 9.99999999999999e-05"
[1] "lambda: 0.001"
[1] "lambda: 0.01"
[1] "lambda: 0.1"
[1] "gamma: 9.99999999999999e-05"
[1] "lambda: 1e-05"
[1] "lambda: 9.99999999999999e-05"
[1] "lambda: 0.001"
[1] "lambda: 0.01"
[1] "lambda: 0.1"
[1] "gamma: 0.001"
[1] "lambda: 1e-05"
[1] "lambda: 9.99999999999999e-05"
[1] "lambda: 0.001"
[1] "lambda: 0.01"
[1] "lambda: 0.1"
[1] "gamma: 0.01"
[1] "lambda: 1e-05"
[1] "lambda: 9.99999999999999e-05"
[1] "lambda: 0.001"
[1] "lambda: 0.01"
[1] "lambda: 0.1"
[1] "gamma: 0.1"
[1] "lambda: 1e-05"
[1] "lambda: 9.99999999999999e-05"
[1] "lambda: 0.001"
[1] "lambda: 0.01"
[1] "lambda: 0.1"
[1] "rank: 2"
[1] "lambda: 1e-05"
[1] "lambda: 9.99999999999999e-05"
[1] "lambda: 0.001"
[1] "lambda: 0.01"
[1] "lambda: 0.1"
[1] "rank: 3"
[1] "lambda: 1e-05"
[1] "lambda: 9.99999999999999e-05"
[1] "lambda: 0.001"
[1] "lambda: 0.01"
[1] "lambda: 0.1"
[1] "rank: 4"
[1] "lambda: 1e-05"
[1] "lambda: 9.99999999999999e-05"
[1] "lambda: 0.001"
[1] "lambda: 0.01"
[1] "lambda: 0.1"
[1] "rank: 5"
[1] "lambda: 1e-05"
[1] "lambda: 9.99999999999999e-05"
[1] "lambda: 0.001"
[1] "lambda: 0.01"
[1] "lambda: 0.1"
[1] "rank: 6"
[1] "lambda: 1e-05"
[1] "lambda: 9.99999999999999e-05"
[1] "lambda: 0.001"
[1] "lambda: 0.01"
[1] "lambda: 0.1"
[1] "SIM ITER 36"
[1] "gamma: 1e-05"
[1] "lambda: 1e-05"
[1] "lambda: 9.99999999999999e-05"
[1] "lambda: 0.001"
[1] "lambda: 0.01"
[1] "lambda: 0.1"
[1] "gamma: 9.99999999999999e-05"
[1] "lambda: 1e-05"
[1] "lambda: 9.99999999999999e-05"
[1] "lambda: 0.001"
[1] "lambda: 0.01"
[1] "lambda: 0.1"
[1] "gamma: 0.001"
[1] "lambda: 1e-05"
[1] "lambda: 9.99999999999999e-05"
[1] "lambda: 0.001"
[1] "lambda: 0.01"
[1] "lambda: 0.1"
[1] "gamma: 0.01"
[1] "lambda: 1e-05"
[1] "lambda: 9.99999999999999e-05"
[1] "lambda: 0.001"
[1] "lambda: 0.01"
[1] "lambda: 0.1"
[1] "gamma: 0.1"
[1] "lambda: 1e-05"
[1] "lambda: 9.99999999999999e-05"
[1] "lambda: 0.001"
[1] "lambda: 0.01"
[1] "lambda: 0.1"
[1] "rank: 2"
[1] "lambda: 1e-05"
[1] "lambda: 9.99999999999999e-05"
[1] "lambda: 0.001"
[1] "lambda: 0.01"
[1] "lambda: 0.1"
[1] "rank: 3"
[1] "lambda: 1e-05"
[1] "lambda: 9.99999999999999e-05"
[1] "lambda: 0.001"
[1] "lambda: 0.01"
[1] "lambda: 0.1"
[1] "rank: 4"
[1] "lambda: 1e-05"
[1] "lambda: 9.99999999999999e-05"
[1] "lambda: 0.001"
[1] "lambda: 0.01"
[1] "lambda: 0.1"
[1] "rank: 5"
[1] "lambda: 1e-05"
[1] "lambda: 9.99999999999999e-05"
[1] "lambda: 0.001"
[1] "lambda: 0.01"
[1] "lambda: 0.1"
[1] "rank: 6"
[1] "lambda: 1e-05"
[1] "lambda: 9.99999999999999e-05"
[1] "lambda: 0.001"
[1] "lambda: 0.01"
[1] "lambda: 0.1"
[1] "SIM ITER 37"
[1] "gamma: 1e-05"
[1] "lambda: 1e-05"
[1] "lambda: 9.99999999999999e-05"
[1] "lambda: 0.001"
[1] "lambda: 0.01"
[1] "lambda: 0.1"
[1] "gamma: 9.99999999999999e-05"
[1] "lambda: 1e-05"
[1] "lambda: 9.99999999999999e-05"
[1] "lambda: 0.001"
[1] "lambda: 0.01"
[1] "lambda: 0.1"
[1] "gamma: 0.001"
[1] "lambda: 1e-05"
[1] "lambda: 9.99999999999999e-05"
[1] "lambda: 0.001"
[1] "lambda: 0.01"
[1] "lambda: 0.1"
[1] "gamma: 0.01"
[1] "lambda: 1e-05"
[1] "lambda: 9.99999999999999e-05"
[1] "lambda: 0.001"
[1] "lambda: 0.01"
[1] "lambda: 0.1"
[1] "gamma: 0.1"
[1] "lambda: 1e-05"
[1] "lambda: 9.99999999999999e-05"
[1] "lambda: 0.001"
[1] "lambda: 0.01"
[1] "lambda: 0.1"
[1] "rank: 2"
[1] "lambda: 1e-05"
[1] "lambda: 9.99999999999999e-05"
[1] "lambda: 0.001"
[1] "lambda: 0.01"
[1] "lambda: 0.1"
[1] "rank: 3"
[1] "lambda: 1e-05"
[1] "lambda: 9.99999999999999e-05"
[1] "lambda: 0.001"
[1] "lambda: 0.01"
[1] "lambda: 0.1"
[1] "rank: 4"
[1] "lambda: 1e-05"
[1] "lambda: 9.99999999999999e-05"
[1] "lambda: 0.001"
[1] "lambda: 0.01"
[1] "lambda: 0.1"
[1] "rank: 5"
[1] "lambda: 1e-05"
[1] "lambda: 9.99999999999999e-05"
[1] "lambda: 0.001"
[1] "lambda: 0.01"
[1] "lambda: 0.1"
[1] "rank: 6"
[1] "lambda: 1e-05"
[1] "lambda: 9.99999999999999e-05"
[1] "lambda: 0.001"
[1] "lambda: 0.01"
[1] "lambda: 0.1"
[1] "SIM ITER 38"
[1] "gamma: 1e-05"
[1] "lambda: 1e-05"
[1] "lambda: 9.99999999999999e-05"
[1] "lambda: 0.001"
[1] "lambda: 0.01"
[1] "lambda: 0.1"
[1] "gamma: 9.99999999999999e-05"
[1] "lambda: 1e-05"
[1] "lambda: 9.99999999999999e-05"
[1] "lambda: 0.001"
[1] "lambda: 0.01"
[1] "lambda: 0.1"
[1] "gamma: 0.001"
[1] "lambda: 1e-05"
[1] "lambda: 9.99999999999999e-05"
[1] "lambda: 0.001"
[1] "lambda: 0.01"
[1] "lambda: 0.1"
[1] "gamma: 0.01"
[1] "lambda: 1e-05"
[1] "lambda: 9.99999999999999e-05"
[1] "lambda: 0.001"
[1] "lambda: 0.01"
[1] "lambda: 0.1"
[1] "gamma: 0.1"
[1] "lambda: 1e-05"
[1] "lambda: 9.99999999999999e-05"
[1] "lambda: 0.001"
[1] "lambda: 0.01"
[1] "lambda: 0.1"
[1] "rank: 2"
[1] "lambda: 1e-05"
[1] "lambda: 9.99999999999999e-05"
[1] "lambda: 0.001"
[1] "lambda: 0.01"
[1] "lambda: 0.1"
[1] "rank: 3"
[1] "lambda: 1e-05"
[1] "lambda: 9.99999999999999e-05"
[1] "lambda: 0.001"
[1] "lambda: 0.01"
[1] "lambda: 0.1"
[1] "rank: 4"
[1] "lambda: 1e-05"
[1] "lambda: 9.99999999999999e-05"
[1] "lambda: 0.001"
[1] "lambda: 0.01"
[1] "lambda: 0.1"
[1] "rank: 5"
[1] "lambda: 1e-05"
[1] "lambda: 9.99999999999999e-05"
[1] "lambda: 0.001"
[1] "lambda: 0.01"
[1] "lambda: 0.1"
[1] "rank: 6"
[1] "lambda: 1e-05"
[1] "lambda: 9.99999999999999e-05"
[1] "lambda: 0.001"
[1] "lambda: 0.01"
[1] "lambda: 0.1"
[1] "SIM ITER 39"
[1] "gamma: 1e-05"
[1] "lambda: 1e-05"
[1] "lambda: 9.99999999999999e-05"
[1] "lambda: 0.001"
[1] "lambda: 0.01"
[1] "lambda: 0.1"
[1] "gamma: 9.99999999999999e-05"
[1] "lambda: 1e-05"
[1] "lambda: 9.99999999999999e-05"
[1] "lambda: 0.001"
[1] "lambda: 0.01"
[1] "lambda: 0.1"
[1] "gamma: 0.001"
[1] "lambda: 1e-05"
[1] "lambda: 9.99999999999999e-05"
[1] "lambda: 0.001"
[1] "lambda: 0.01"
[1] "lambda: 0.1"
[1] "gamma: 0.01"
[1] "lambda: 1e-05"
[1] "lambda: 9.99999999999999e-05"
[1] "lambda: 0.001"
[1] "lambda: 0.01"
[1] "lambda: 0.1"
[1] "gamma: 0.1"
[1] "lambda: 1e-05"
[1] "lambda: 9.99999999999999e-05"
[1] "lambda: 0.001"
[1] "lambda: 0.01"
[1] "lambda: 0.1"
[1] "rank: 2"
[1] "lambda: 1e-05"
[1] "lambda: 9.99999999999999e-05"
[1] "lambda: 0.001"
[1] "lambda: 0.01"
[1] "lambda: 0.1"
[1] "rank: 3"
[1] "lambda: 1e-05"
[1] "lambda: 9.99999999999999e-05"
[1] "lambda: 0.001"
[1] "lambda: 0.01"
[1] "lambda: 0.1"
[1] "rank: 4"
[1] "lambda: 1e-05"
[1] "lambda: 9.99999999999999e-05"
[1] "lambda: 0.001"
[1] "lambda: 0.01"
[1] "lambda: 0.1"
[1] "rank: 5"
[1] "lambda: 1e-05"
[1] "lambda: 9.99999999999999e-05"
[1] "lambda: 0.001"
[1] "lambda: 0.01"
[1] "lambda: 0.1"
[1] "rank: 6"
[1] "lambda: 1e-05"
[1] "lambda: 9.99999999999999e-05"
[1] "lambda: 0.001"
[1] "lambda: 0.01"
[1] "lambda: 0.1"
[1] "SIM ITER 40"
[1] "gamma: 1e-05"
[1] "lambda: 1e-05"
[1] "lambda: 9.99999999999999e-05"
[1] "lambda: 0.001"
[1] "lambda: 0.01"
[1] "lambda: 0.1"
[1] "gamma: 9.99999999999999e-05"
[1] "lambda: 1e-05"
[1] "lambda: 9.99999999999999e-05"
[1] "lambda: 0.001"
[1] "lambda: 0.01"
[1] "lambda: 0.1"
[1] "gamma: 0.001"
[1] "lambda: 1e-05"
[1] "lambda: 9.99999999999999e-05"
[1] "lambda: 0.001"
[1] "lambda: 0.01"
[1] "lambda: 0.1"
[1] "gamma: 0.01"
[1] "lambda: 1e-05"
[1] "lambda: 9.99999999999999e-05"
[1] "lambda: 0.001"
[1] "lambda: 0.01"
[1] "lambda: 0.1"
[1] "gamma: 0.1"
[1] "lambda: 1e-05"
[1] "lambda: 9.99999999999999e-05"
[1] "lambda: 0.001"
[1] "lambda: 0.01"
[1] "lambda: 0.1"
[1] "rank: 2"
[1] "lambda: 1e-05"
[1] "lambda: 9.99999999999999e-05"
[1] "lambda: 0.001"
[1] "lambda: 0.01"
[1] "lambda: 0.1"
[1] "rank: 3"
[1] "lambda: 1e-05"
[1] "lambda: 9.99999999999999e-05"
[1] "lambda: 0.001"
[1] "lambda: 0.01"
[1] "lambda: 0.1"
[1] "rank: 4"
[1] "lambda: 1e-05"
[1] "lambda: 9.99999999999999e-05"
[1] "lambda: 0.001"
[1] "lambda: 0.01"
[1] "lambda: 0.1"
[1] "rank: 5"
[1] "lambda: 1e-05"
[1] "lambda: 9.99999999999999e-05"
[1] "lambda: 0.001"
[1] "lambda: 0.01"
[1] "lambda: 0.1"
[1] "rank: 6"
[1] "lambda: 1e-05"
[1] "lambda: 9.99999999999999e-05"
[1] "lambda: 0.001"
[1] "lambda: 0.01"
[1] "lambda: 0.1"
[1] "SIM ITER 41"
[1] "gamma: 1e-05"
[1] "lambda: 1e-05"
[1] "lambda: 9.99999999999999e-05"
[1] "lambda: 0.001"
[1] "lambda: 0.01"
[1] "lambda: 0.1"
[1] "gamma: 9.99999999999999e-05"
[1] "lambda: 1e-05"
[1] "lambda: 9.99999999999999e-05"
[1] "lambda: 0.001"
[1] "lambda: 0.01"
[1] "lambda: 0.1"
[1] "gamma: 0.001"
[1] "lambda: 1e-05"
[1] "lambda: 9.99999999999999e-05"
[1] "lambda: 0.001"
[1] "lambda: 0.01"
[1] "lambda: 0.1"
[1] "gamma: 0.01"
[1] "lambda: 1e-05"
[1] "lambda: 9.99999999999999e-05"
[1] "lambda: 0.001"
[1] "lambda: 0.01"
[1] "lambda: 0.1"
[1] "gamma: 0.1"
[1] "lambda: 1e-05"
[1] "lambda: 9.99999999999999e-05"
[1] "lambda: 0.001"
[1] "lambda: 0.01"
[1] "lambda: 0.1"
[1] "rank: 2"
[1] "lambda: 1e-05"
[1] "lambda: 9.99999999999999e-05"
[1] "lambda: 0.001"
[1] "lambda: 0.01"
[1] "lambda: 0.1"
[1] "rank: 3"
[1] "lambda: 1e-05"
[1] "lambda: 9.99999999999999e-05"
[1] "lambda: 0.001"
[1] "lambda: 0.01"
[1] "lambda: 0.1"
[1] "rank: 4"
[1] "lambda: 1e-05"
[1] "lambda: 9.99999999999999e-05"
[1] "lambda: 0.001"
[1] "lambda: 0.01"
[1] "lambda: 0.1"
[1] "rank: 5"
[1] "lambda: 1e-05"
[1] "lambda: 9.99999999999999e-05"
[1] "lambda: 0.001"
[1] "lambda: 0.01"
[1] "lambda: 0.1"
[1] "rank: 6"
[1] "lambda: 1e-05"
[1] "lambda: 9.99999999999999e-05"
[1] "lambda: 0.001"
[1] "lambda: 0.01"
[1] "lambda: 0.1"
[1] "SIM ITER 42"
[1] "gamma: 1e-05"
[1] "lambda: 1e-05"
[1] "lambda: 9.99999999999999e-05"
[1] "lambda: 0.001"
[1] "lambda: 0.01"
[1] "lambda: 0.1"
[1] "gamma: 9.99999999999999e-05"
[1] "lambda: 1e-05"
[1] "lambda: 9.99999999999999e-05"
[1] "lambda: 0.001"
[1] "lambda: 0.01"
[1] "lambda: 0.1"
[1] "gamma: 0.001"
[1] "lambda: 1e-05"
[1] "lambda: 9.99999999999999e-05"
[1] "lambda: 0.001"
[1] "lambda: 0.01"
[1] "lambda: 0.1"
[1] "gamma: 0.01"
[1] "lambda: 1e-05"
[1] "lambda: 9.99999999999999e-05"
[1] "lambda: 0.001"
[1] "lambda: 0.01"
[1] "lambda: 0.1"
[1] "gamma: 0.1"
[1] "lambda: 1e-05"
[1] "lambda: 9.99999999999999e-05"
[1] "lambda: 0.001"
[1] "lambda: 0.01"
[1] "lambda: 0.1"
[1] "rank: 2"
[1] "lambda: 1e-05"
[1] "lambda: 9.99999999999999e-05"
[1] "lambda: 0.001"
[1] "lambda: 0.01"
[1] "lambda: 0.1"
[1] "rank: 3"
[1] "lambda: 1e-05"
[1] "lambda: 9.99999999999999e-05"
[1] "lambda: 0.001"
[1] "lambda: 0.01"
[1] "lambda: 0.1"
[1] "rank: 4"
[1] "lambda: 1e-05"
[1] "lambda: 9.99999999999999e-05"
[1] "lambda: 0.001"
[1] "lambda: 0.01"
[1] "lambda: 0.1"
[1] "rank: 5"
[1] "lambda: 1e-05"
[1] "lambda: 9.99999999999999e-05"
[1] "lambda: 0.001"
[1] "lambda: 0.01"
[1] "lambda: 0.1"
[1] "rank: 6"
[1] "lambda: 1e-05"
[1] "lambda: 9.99999999999999e-05"
[1] "lambda: 0.001"
[1] "lambda: 0.01"
[1] "lambda: 0.1"
[1] "SIM ITER 43"
[1] "gamma: 1e-05"
[1] "lambda: 1e-05"
[1] "lambda: 9.99999999999999e-05"
[1] "lambda: 0.001"
[1] "lambda: 0.01"
[1] "lambda: 0.1"
[1] "gamma: 9.99999999999999e-05"
[1] "lambda: 1e-05"
[1] "lambda: 9.99999999999999e-05"
[1] "lambda: 0.001"
[1] "lambda: 0.01"
[1] "lambda: 0.1"
[1] "gamma: 0.001"
[1] "lambda: 1e-05"
[1] "lambda: 9.99999999999999e-05"
[1] "lambda: 0.001"
[1] "lambda: 0.01"
[1] "lambda: 0.1"
[1] "gamma: 0.01"
[1] "lambda: 1e-05"
[1] "lambda: 9.99999999999999e-05"
[1] "lambda: 0.001"
[1] "lambda: 0.01"
[1] "lambda: 0.1"
[1] "gamma: 0.1"
[1] "lambda: 1e-05"
[1] "lambda: 9.99999999999999e-05"
[1] "lambda: 0.001"
[1] "lambda: 0.01"
[1] "lambda: 0.1"
[1] "rank: 2"
[1] "lambda: 1e-05"
[1] "lambda: 9.99999999999999e-05"
[1] "lambda: 0.001"
[1] "lambda: 0.01"
[1] "lambda: 0.1"
[1] "rank: 3"
[1] "lambda: 1e-05"
[1] "lambda: 9.99999999999999e-05"
[1] "lambda: 0.001"
[1] "lambda: 0.01"
[1] "lambda: 0.1"
[1] "rank: 4"
[1] "lambda: 1e-05"
[1] "lambda: 9.99999999999999e-05"
[1] "lambda: 0.001"
[1] "lambda: 0.01"
[1] "lambda: 0.1"
[1] "rank: 5"
[1] "lambda: 1e-05"
[1] "lambda: 9.99999999999999e-05"
[1] "lambda: 0.001"
[1] "lambda: 0.01"
[1] "lambda: 0.1"
[1] "rank: 6"
[1] "lambda: 1e-05"
[1] "lambda: 9.99999999999999e-05"
[1] "lambda: 0.001"
[1] "lambda: 0.01"
[1] "lambda: 0.1"
[1] "SIM ITER 44"
[1] "gamma: 1e-05"
[1] "lambda: 1e-05"
[1] "lambda: 9.99999999999999e-05"
[1] "lambda: 0.001"
[1] "lambda: 0.01"
[1] "lambda: 0.1"
[1] "gamma: 9.99999999999999e-05"
[1] "lambda: 1e-05"
[1] "lambda: 9.99999999999999e-05"
[1] "lambda: 0.001"
[1] "lambda: 0.01"
[1] "lambda: 0.1"
[1] "gamma: 0.001"
[1] "lambda: 1e-05"
[1] "lambda: 9.99999999999999e-05"
[1] "lambda: 0.001"
[1] "lambda: 0.01"
[1] "lambda: 0.1"
[1] "gamma: 0.01"
[1] "lambda: 1e-05"
[1] "lambda: 9.99999999999999e-05"
[1] "lambda: 0.001"
[1] "lambda: 0.01"
[1] "lambda: 0.1"
[1] "gamma: 0.1"
[1] "lambda: 1e-05"
[1] "lambda: 9.99999999999999e-05"
[1] "lambda: 0.001"
[1] "lambda: 0.01"
[1] "lambda: 0.1"
[1] "rank: 2"
[1] "lambda: 1e-05"
[1] "lambda: 9.99999999999999e-05"
[1] "lambda: 0.001"
[1] "lambda: 0.01"
[1] "lambda: 0.1"
[1] "rank: 3"
[1] "lambda: 1e-05"
[1] "lambda: 9.99999999999999e-05"
[1] "lambda: 0.001"
[1] "lambda: 0.01"
[1] "lambda: 0.1"
[1] "rank: 4"
[1] "lambda: 1e-05"
[1] "lambda: 9.99999999999999e-05"
[1] "lambda: 0.001"
[1] "lambda: 0.01"
[1] "lambda: 0.1"
[1] "rank: 5"
[1] "lambda: 1e-05"
[1] "lambda: 9.99999999999999e-05"
[1] "lambda: 0.001"
[1] "lambda: 0.01"
[1] "lambda: 0.1"
[1] "rank: 6"
[1] "lambda: 1e-05"
[1] "lambda: 9.99999999999999e-05"
[1] "lambda: 0.001"
[1] "lambda: 0.01"
[1] "lambda: 0.1"
[1] "SIM ITER 45"
[1] "gamma: 1e-05"
[1] "lambda: 1e-05"
[1] "lambda: 9.99999999999999e-05"
[1] "lambda: 0.001"
[1] "lambda: 0.01"
[1] "lambda: 0.1"
[1] "gamma: 9.99999999999999e-05"
[1] "lambda: 1e-05"
[1] "lambda: 9.99999999999999e-05"
[1] "lambda: 0.001"
[1] "lambda: 0.01"
[1] "lambda: 0.1"
[1] "gamma: 0.001"
[1] "lambda: 1e-05"
[1] "lambda: 9.99999999999999e-05"
[1] "lambda: 0.001"
[1] "lambda: 0.01"
[1] "lambda: 0.1"
[1] "gamma: 0.01"
[1] "lambda: 1e-05"
[1] "lambda: 9.99999999999999e-05"
[1] "lambda: 0.001"
[1] "lambda: 0.01"
[1] "lambda: 0.1"
[1] "gamma: 0.1"
[1] "lambda: 1e-05"
[1] "lambda: 9.99999999999999e-05"
[1] "lambda: 0.001"
[1] "lambda: 0.01"
[1] "lambda: 0.1"
[1] "rank: 2"
[1] "lambda: 1e-05"
[1] "lambda: 9.99999999999999e-05"
[1] "lambda: 0.001"
[1] "lambda: 0.01"
[1] "lambda: 0.1"
[1] "rank: 3"
[1] "lambda: 1e-05"
[1] "lambda: 9.99999999999999e-05"
[1] "lambda: 0.001"
[1] "lambda: 0.01"
[1] "lambda: 0.1"
[1] "rank: 4"
[1] "lambda: 1e-05"
[1] "lambda: 9.99999999999999e-05"
[1] "lambda: 0.001"
[1] "lambda: 0.01"
[1] "lambda: 0.1"
[1] "rank: 5"
[1] "lambda: 1e-05"
[1] "lambda: 9.99999999999999e-05"
[1] "lambda: 0.001"
[1] "lambda: 0.01"
[1] "lambda: 0.1"
[1] "rank: 6"
[1] "lambda: 1e-05"
[1] "lambda: 9.99999999999999e-05"
[1] "lambda: 0.001"
[1] "lambda: 0.01"
[1] "lambda: 0.1"
[1] "SIM ITER 46"
[1] "gamma: 1e-05"
[1] "lambda: 1e-05"
[1] "lambda: 9.99999999999999e-05"
[1] "lambda: 0.001"
[1] "lambda: 0.01"
[1] "lambda: 0.1"
[1] "gamma: 9.99999999999999e-05"
[1] "lambda: 1e-05"
[1] "lambda: 9.99999999999999e-05"
[1] "lambda: 0.001"
[1] "lambda: 0.01"
[1] "lambda: 0.1"
[1] "gamma: 0.001"
[1] "lambda: 1e-05"
[1] "lambda: 9.99999999999999e-05"
[1] "lambda: 0.001"
[1] "lambda: 0.01"
[1] "lambda: 0.1"
[1] "gamma: 0.01"
[1] "lambda: 1e-05"
[1] "lambda: 9.99999999999999e-05"
[1] "lambda: 0.001"
[1] "lambda: 0.01"
[1] "lambda: 0.1"
[1] "gamma: 0.1"
[1] "lambda: 1e-05"
[1] "lambda: 9.99999999999999e-05"
[1] "lambda: 0.001"
[1] "lambda: 0.01"
[1] "lambda: 0.1"
[1] "rank: 2"
[1] "lambda: 1e-05"
[1] "lambda: 9.99999999999999e-05"
[1] "lambda: 0.001"
[1] "lambda: 0.01"
[1] "lambda: 0.1"
[1] "rank: 3"
[1] "lambda: 1e-05"
[1] "lambda: 9.99999999999999e-05"
[1] "lambda: 0.001"
[1] "lambda: 0.01"
[1] "lambda: 0.1"
[1] "rank: 4"
[1] "lambda: 1e-05"
[1] "lambda: 9.99999999999999e-05"
[1] "lambda: 0.001"
[1] "lambda: 0.01"
[1] "lambda: 0.1"
[1] "rank: 5"
[1] "lambda: 1e-05"
[1] "lambda: 9.99999999999999e-05"
[1] "lambda: 0.001"
[1] "lambda: 0.01"
[1] "lambda: 0.1"
[1] "rank: 6"
[1] "lambda: 1e-05"
[1] "lambda: 9.99999999999999e-05"
[1] "lambda: 0.001"
[1] "lambda: 0.01"
[1] "lambda: 0.1"
[1] "SIM ITER 47"
[1] "gamma: 1e-05"
[1] "lambda: 1e-05"
[1] "lambda: 9.99999999999999e-05"
[1] "lambda: 0.001"
[1] "lambda: 0.01"
[1] "lambda: 0.1"
[1] "gamma: 9.99999999999999e-05"
[1] "lambda: 1e-05"
[1] "lambda: 9.99999999999999e-05"
[1] "lambda: 0.001"
[1] "lambda: 0.01"
[1] "lambda: 0.1"
[1] "gamma: 0.001"
[1] "lambda: 1e-05"
[1] "lambda: 9.99999999999999e-05"
[1] "lambda: 0.001"
[1] "lambda: 0.01"
[1] "lambda: 0.1"
[1] "gamma: 0.01"
[1] "lambda: 1e-05"
[1] "lambda: 9.99999999999999e-05"
[1] "lambda: 0.001"
[1] "lambda: 0.01"
[1] "lambda: 0.1"
[1] "gamma: 0.1"
[1] "lambda: 1e-05"
[1] "lambda: 9.99999999999999e-05"
[1] "lambda: 0.001"
[1] "lambda: 0.01"
[1] "lambda: 0.1"
[1] "rank: 2"
[1] "lambda: 1e-05"
[1] "lambda: 9.99999999999999e-05"
[1] "lambda: 0.001"
[1] "lambda: 0.01"
[1] "lambda: 0.1"
[1] "rank: 3"
[1] "lambda: 1e-05"
[1] "lambda: 9.99999999999999e-05"
[1] "lambda: 0.001"
[1] "lambda: 0.01"
[1] "lambda: 0.1"
[1] "rank: 4"
[1] "lambda: 1e-05"
[1] "lambda: 9.99999999999999e-05"
[1] "lambda: 0.001"
[1] "lambda: 0.01"
[1] "lambda: 0.1"
[1] "rank: 5"
[1] "lambda: 1e-05"
[1] "lambda: 9.99999999999999e-05"
[1] "lambda: 0.001"
[1] "lambda: 0.01"
[1] "lambda: 0.1"
[1] "rank: 6"
[1] "lambda: 1e-05"
[1] "lambda: 9.99999999999999e-05"
[1] "lambda: 0.001"
[1] "lambda: 0.01"
[1] "lambda: 0.1"
[1] "SIM ITER 48"
[1] "gamma: 1e-05"
[1] "lambda: 1e-05"
[1] "lambda: 9.99999999999999e-05"
[1] "lambda: 0.001"
[1] "lambda: 0.01"
[1] "lambda: 0.1"
[1] "gamma: 9.99999999999999e-05"
[1] "lambda: 1e-05"
[1] "lambda: 9.99999999999999e-05"
[1] "lambda: 0.001"
[1] "lambda: 0.01"
[1] "lambda: 0.1"
[1] "gamma: 0.001"
[1] "lambda: 1e-05"
[1] "lambda: 9.99999999999999e-05"
[1] "lambda: 0.001"
[1] "lambda: 0.01"
[1] "lambda: 0.1"
[1] "gamma: 0.01"
[1] "lambda: 1e-05"
[1] "lambda: 9.99999999999999e-05"
[1] "lambda: 0.001"
[1] "lambda: 0.01"
[1] "lambda: 0.1"
[1] "gamma: 0.1"
[1] "lambda: 1e-05"
[1] "lambda: 9.99999999999999e-05"
[1] "lambda: 0.001"
[1] "lambda: 0.01"
[1] "lambda: 0.1"
[1] "rank: 2"
[1] "lambda: 1e-05"
[1] "lambda: 9.99999999999999e-05"
[1] "lambda: 0.001"
[1] "lambda: 0.01"
[1] "lambda: 0.1"
[1] "rank: 3"
[1] "lambda: 1e-05"
[1] "lambda: 9.99999999999999e-05"
[1] "lambda: 0.001"
[1] "lambda: 0.01"
[1] "lambda: 0.1"
[1] "rank: 4"
[1] "lambda: 1e-05"
[1] "lambda: 9.99999999999999e-05"
[1] "lambda: 0.001"
[1] "lambda: 0.01"
[1] "lambda: 0.1"
[1] "rank: 5"
[1] "lambda: 1e-05"
[1] "lambda: 9.99999999999999e-05"
[1] "lambda: 0.001"
[1] "lambda: 0.01"
[1] "lambda: 0.1"
[1] "rank: 6"
[1] "lambda: 1e-05"
[1] "lambda: 9.99999999999999e-05"
[1] "lambda: 0.001"
[1] "lambda: 0.01"
[1] "lambda: 0.1"
[1] "SIM ITER 49"
[1] "gamma: 1e-05"
[1] "lambda: 1e-05"
[1] "lambda: 9.99999999999999e-05"
[1] "lambda: 0.001"
[1] "lambda: 0.01"
[1] "lambda: 0.1"
[1] "gamma: 9.99999999999999e-05"
[1] "lambda: 1e-05"
[1] "lambda: 9.99999999999999e-05"
[1] "lambda: 0.001"
[1] "lambda: 0.01"
[1] "lambda: 0.1"
[1] "gamma: 0.001"
[1] "lambda: 1e-05"
[1] "lambda: 9.99999999999999e-05"
[1] "lambda: 0.001"
[1] "lambda: 0.01"
[1] "lambda: 0.1"
[1] "gamma: 0.01"
[1] "lambda: 1e-05"
[1] "lambda: 9.99999999999999e-05"
[1] "lambda: 0.001"
[1] "lambda: 0.01"
[1] "lambda: 0.1"
[1] "gamma: 0.1"
[1] "lambda: 1e-05"
[1] "lambda: 9.99999999999999e-05"
[1] "lambda: 0.001"
[1] "lambda: 0.01"
[1] "lambda: 0.1"
[1] "rank: 2"
[1] "lambda: 1e-05"
[1] "lambda: 9.99999999999999e-05"
[1] "lambda: 0.001"
[1] "lambda: 0.01"
[1] "lambda: 0.1"
[1] "rank: 3"
[1] "lambda: 1e-05"
[1] "lambda: 9.99999999999999e-05"
[1] "lambda: 0.001"
[1] "lambda: 0.01"
[1] "lambda: 0.1"
[1] "rank: 4"
[1] "lambda: 1e-05"
[1] "lambda: 9.99999999999999e-05"
[1] "lambda: 0.001"
[1] "lambda: 0.01"
[1] "lambda: 0.1"
[1] "rank: 5"
[1] "lambda: 1e-05"
[1] "lambda: 9.99999999999999e-05"
[1] "lambda: 0.001"
[1] "lambda: 0.01"
[1] "lambda: 0.1"
[1] "rank: 6"
[1] "lambda: 1e-05"
[1] "lambda: 9.99999999999999e-05"
[1] "lambda: 0.001"
[1] "lambda: 0.01"
[1] "lambda: 0.1"
[1] "SIM ITER 50"
[1] "gamma: 1e-05"
[1] "lambda: 1e-05"
[1] "lambda: 9.99999999999999e-05"
[1] "lambda: 0.001"
[1] "lambda: 0.01"
[1] "lambda: 0.1"
[1] "gamma: 9.99999999999999e-05"
[1] "lambda: 1e-05"
[1] "lambda: 9.99999999999999e-05"
[1] "lambda: 0.001"
[1] "lambda: 0.01"
[1] "lambda: 0.1"
[1] "gamma: 0.001"
[1] "lambda: 1e-05"
[1] "lambda: 9.99999999999999e-05"
[1] "lambda: 0.001"
[1] "lambda: 0.01"
[1] "lambda: 0.1"
[1] "gamma: 0.01"
[1] "lambda: 1e-05"
[1] "lambda: 9.99999999999999e-05"
[1] "lambda: 0.001"
[1] "lambda: 0.01"
[1] "lambda: 0.1"
[1] "gamma: 0.1"
[1] "lambda: 1e-05"
[1] "lambda: 9.99999999999999e-05"
[1] "lambda: 0.001"
[1] "lambda: 0.01"
[1] "lambda: 0.1"
[1] "rank: 2"
[1] "lambda: 1e-05"
[1] "lambda: 9.99999999999999e-05"
[1] "lambda: 0.001"
[1] "lambda: 0.01"
[1] "lambda: 0.1"
[1] "rank: 3"
[1] "lambda: 1e-05"
[1] "lambda: 9.99999999999999e-05"
[1] "lambda: 0.001"
[1] "lambda: 0.01"
[1] "lambda: 0.1"
[1] "rank: 4"
[1] "lambda: 1e-05"
[1] "lambda: 9.99999999999999e-05"
[1] "lambda: 0.001"
[1] "lambda: 0.01"
[1] "lambda: 0.1"
[1] "rank: 5"
[1] "lambda: 1e-05"
[1] "lambda: 9.99999999999999e-05"
[1] "lambda: 0.001"
[1] "lambda: 0.01"
[1] "lambda: 0.1"
[1] "rank: 6"
[1] "lambda: 1e-05"
[1] "lambda: 9.99999999999999e-05"
[1] "lambda: 0.001"
[1] "lambda: 0.01"
[1] "lambda: 0.1"
