Received arguments: 6 150 76 100
Loading required package: lpSolve
        ../Core/cv.lvg.R ../Core/cv.slice.R ../Core/helper.R ../Core/lvglasso.R
value   ?                ?                  ?                ?                 
visible FALSE            FALSE              FALSE            FALSE             
        ../Core/runsim.R ../Core/sims.R ../Core/slice.R
value   ?                ?              ?              
visible FALSE            FALSE          FALSE          
[1] "plat: 6"
[1] "n: 150"
[1] "start: 76"
[1] "end: 100"
[1] "SIM ITER 76"
[1] "gamma: 1e-05"
[1] "lambda: 1e-05"
[1] "lambda: 9.99999999999999e-05"
[1] "lambda: 0.001"
[1] "lambda: 0.01"
[1] "lambda: 0.1"
[1] "gamma: 9.99999999999999e-05"
[1] "lambda: 1e-05"
[1] "lambda: 9.99999999999999e-05"
[1] "lambda: 0.001"
[1] "lambda: 0.01"
[1] "lambda: 0.1"
[1] "gamma: 0.001"
[1] "lambda: 1e-05"
[1] "lambda: 9.99999999999999e-05"
[1] "lambda: 0.001"
[1] "lambda: 0.01"
[1] "lambda: 0.1"
[1] "gamma: 0.01"
[1] "lambda: 1e-05"
[1] "lambda: 9.99999999999999e-05"
[1] "lambda: 0.001"
[1] "lambda: 0.01"
[1] "lambda: 0.1"
[1] "gamma: 0.1"
[1] "lambda: 1e-05"
[1] "lambda: 9.99999999999999e-05"
[1] "lambda: 0.001"
[1] "lambda: 0.01"
[1] "lambda: 0.1"
[1] "rank: 2"
[1] "lambda: 1e-05"
[1] "lambda: 9.99999999999999e-05"
[1] "lambda: 0.001"
[1] "lambda: 0.01"
[1] "lambda: 0.1"
[1] "rank: 3"
[1] "lambda: 1e-05"
[1] "lambda: 9.99999999999999e-05"
[1] "lambda: 0.001"
[1] "lambda: 0.01"
[1] "lambda: 0.1"
[1] "rank: 4"
[1] "lambda: 1e-05"
[1] "lambda: 9.99999999999999e-05"
[1] "lambda: 0.001"
[1] "lambda: 0.01"
[1] "lambda: 0.1"
[1] "rank: 5"
[1] "lambda: 1e-05"
[1] "lambda: 9.99999999999999e-05"
[1] "lambda: 0.001"
[1] "lambda: 0.01"
[1] "lambda: 0.1"
[1] "rank: 6"
[1] "lambda: 1e-05"
[1] "lambda: 9.99999999999999e-05"
[1] "lambda: 0.001"
[1] "lambda: 0.01"
[1] "lambda: 0.1"
[1] "SIM ITER 77"
[1] "gamma: 1e-05"
[1] "lambda: 1e-05"
[1] "lambda: 9.99999999999999e-05"
[1] "lambda: 0.001"
[1] "lambda: 0.01"
[1] "lambda: 0.1"
[1] "gamma: 9.99999999999999e-05"
[1] "lambda: 1e-05"
[1] "lambda: 9.99999999999999e-05"
[1] "lambda: 0.001"
[1] "lambda: 0.01"
[1] "lambda: 0.1"
[1] "gamma: 0.001"
[1] "lambda: 1e-05"
[1] "lambda: 9.99999999999999e-05"
[1] "lambda: 0.001"
[1] "lambda: 0.01"
[1] "lambda: 0.1"
[1] "gamma: 0.01"
[1] "lambda: 1e-05"
[1] "lambda: 9.99999999999999e-05"
[1] "lambda: 0.001"
[1] "lambda: 0.01"
[1] "lambda: 0.1"
[1] "gamma: 0.1"
[1] "lambda: 1e-05"
[1] "lambda: 9.99999999999999e-05"
[1] "lambda: 0.001"
[1] "lambda: 0.01"
[1] "lambda: 0.1"
[1] "rank: 2"
[1] "lambda: 1e-05"
[1] "lambda: 9.99999999999999e-05"
[1] "lambda: 0.001"
[1] "lambda: 0.01"
[1] "lambda: 0.1"
[1] "rank: 3"
[1] "lambda: 1e-05"
[1] "lambda: 9.99999999999999e-05"
[1] "lambda: 0.001"
[1] "lambda: 0.01"
[1] "lambda: 0.1"
[1] "rank: 4"
[1] "lambda: 1e-05"
[1] "lambda: 9.99999999999999e-05"
[1] "lambda: 0.001"
[1] "lambda: 0.01"
[1] "lambda: 0.1"
[1] "rank: 5"
[1] "lambda: 1e-05"
[1] "lambda: 9.99999999999999e-05"
[1] "lambda: 0.001"
[1] "lambda: 0.01"
[1] "lambda: 0.1"
[1] "rank: 6"
[1] "lambda: 1e-05"
[1] "lambda: 9.99999999999999e-05"
[1] "lambda: 0.001"
[1] "lambda: 0.01"
[1] "lambda: 0.1"
[1] "SIM ITER 78"
[1] "gamma: 1e-05"
[1] "lambda: 1e-05"
[1] "lambda: 9.99999999999999e-05"
[1] "lambda: 0.001"
[1] "lambda: 0.01"
[1] "lambda: 0.1"
[1] "gamma: 9.99999999999999e-05"
[1] "lambda: 1e-05"
[1] "lambda: 9.99999999999999e-05"
[1] "lambda: 0.001"
[1] "lambda: 0.01"
[1] "lambda: 0.1"
[1] "gamma: 0.001"
[1] "lambda: 1e-05"
[1] "lambda: 9.99999999999999e-05"
[1] "lambda: 0.001"
[1] "lambda: 0.01"
[1] "lambda: 0.1"
[1] "gamma: 0.01"
[1] "lambda: 1e-05"
[1] "lambda: 9.99999999999999e-05"
[1] "lambda: 0.001"
[1] "lambda: 0.01"
[1] "lambda: 0.1"
[1] "gamma: 0.1"
[1] "lambda: 1e-05"
[1] "lambda: 9.99999999999999e-05"
[1] "lambda: 0.001"
[1] "lambda: 0.01"
[1] "lambda: 0.1"
[1] "rank: 2"
[1] "lambda: 1e-05"
[1] "lambda: 9.99999999999999e-05"
[1] "lambda: 0.001"
[1] "lambda: 0.01"
[1] "lambda: 0.1"
[1] "rank: 3"
[1] "lambda: 1e-05"
[1] "lambda: 9.99999999999999e-05"
[1] "lambda: 0.001"
[1] "lambda: 0.01"
[1] "lambda: 0.1"
[1] "rank: 4"
[1] "lambda: 1e-05"
[1] "lambda: 9.99999999999999e-05"
[1] "lambda: 0.001"
[1] "lambda: 0.01"
[1] "lambda: 0.1"
[1] "rank: 5"
[1] "lambda: 1e-05"
[1] "lambda: 9.99999999999999e-05"
[1] "lambda: 0.001"
[1] "lambda: 0.01"
[1] "lambda: 0.1"
[1] "rank: 6"
[1] "lambda: 1e-05"
[1] "lambda: 9.99999999999999e-05"
[1] "lambda: 0.001"
[1] "lambda: 0.01"
[1] "lambda: 0.1"
[1] "SIM ITER 79"
[1] "gamma: 1e-05"
[1] "lambda: 1e-05"
[1] "lambda: 9.99999999999999e-05"
[1] "lambda: 0.001"
[1] "lambda: 0.01"
[1] "lambda: 0.1"
[1] "gamma: 9.99999999999999e-05"
[1] "lambda: 1e-05"
[1] "lambda: 9.99999999999999e-05"
[1] "lambda: 0.001"
[1] "lambda: 0.01"
[1] "lambda: 0.1"
[1] "gamma: 0.001"
[1] "lambda: 1e-05"
[1] "lambda: 9.99999999999999e-05"
[1] "lambda: 0.001"
[1] "lambda: 0.01"
[1] "lambda: 0.1"
[1] "gamma: 0.01"
[1] "lambda: 1e-05"
[1] "lambda: 9.99999999999999e-05"
[1] "lambda: 0.001"
[1] "lambda: 0.01"
[1] "lambda: 0.1"
[1] "gamma: 0.1"
[1] "lambda: 1e-05"
[1] "lambda: 9.99999999999999e-05"
[1] "lambda: 0.001"
[1] "lambda: 0.01"
[1] "lambda: 0.1"
[1] "rank: 2"
[1] "lambda: 1e-05"
[1] "lambda: 9.99999999999999e-05"
[1] "lambda: 0.001"
[1] "lambda: 0.01"
[1] "lambda: 0.1"
[1] "rank: 3"
[1] "lambda: 1e-05"
[1] "lambda: 9.99999999999999e-05"
[1] "lambda: 0.001"
[1] "lambda: 0.01"
[1] "lambda: 0.1"
[1] "rank: 4"
[1] "lambda: 1e-05"
[1] "lambda: 9.99999999999999e-05"
[1] "lambda: 0.001"
[1] "lambda: 0.01"
[1] "lambda: 0.1"
[1] "rank: 5"
[1] "lambda: 1e-05"
[1] "lambda: 9.99999999999999e-05"
[1] "lambda: 0.001"
[1] "lambda: 0.01"
[1] "lambda: 0.1"
[1] "rank: 6"
[1] "lambda: 1e-05"
[1] "lambda: 9.99999999999999e-05"
[1] "lambda: 0.001"
[1] "lambda: 0.01"
[1] "lambda: 0.1"
[1] "SIM ITER 80"
[1] "gamma: 1e-05"
[1] "lambda: 1e-05"
[1] "lambda: 9.99999999999999e-05"
[1] "lambda: 0.001"
[1] "lambda: 0.01"
[1] "lambda: 0.1"
[1] "gamma: 9.99999999999999e-05"
[1] "lambda: 1e-05"
[1] "lambda: 9.99999999999999e-05"
[1] "lambda: 0.001"
[1] "lambda: 0.01"
[1] "lambda: 0.1"
[1] "gamma: 0.001"
[1] "lambda: 1e-05"
[1] "lambda: 9.99999999999999e-05"
[1] "lambda: 0.001"
[1] "lambda: 0.01"
[1] "lambda: 0.1"
[1] "gamma: 0.01"
[1] "lambda: 1e-05"
[1] "lambda: 9.99999999999999e-05"
[1] "lambda: 0.001"
[1] "lambda: 0.01"
[1] "lambda: 0.1"
[1] "gamma: 0.1"
[1] "lambda: 1e-05"
[1] "lambda: 9.99999999999999e-05"
[1] "lambda: 0.001"
[1] "lambda: 0.01"
[1] "lambda: 0.1"
[1] "rank: 2"
[1] "lambda: 1e-05"
[1] "lambda: 9.99999999999999e-05"
[1] "lambda: 0.001"
[1] "lambda: 0.01"
[1] "lambda: 0.1"
[1] "rank: 3"
[1] "lambda: 1e-05"
[1] "lambda: 9.99999999999999e-05"
[1] "lambda: 0.001"
[1] "lambda: 0.01"
[1] "lambda: 0.1"
[1] "rank: 4"
[1] "lambda: 1e-05"
[1] "lambda: 9.99999999999999e-05"
[1] "lambda: 0.001"
[1] "lambda: 0.01"
[1] "lambda: 0.1"
[1] "rank: 5"
[1] "lambda: 1e-05"
[1] "lambda: 9.99999999999999e-05"
[1] "lambda: 0.001"
[1] "lambda: 0.01"
[1] "lambda: 0.1"
[1] "rank: 6"
[1] "lambda: 1e-05"
[1] "lambda: 9.99999999999999e-05"
[1] "lambda: 0.001"
[1] "lambda: 0.01"
[1] "lambda: 0.1"
[1] "SIM ITER 81"
[1] "gamma: 1e-05"
[1] "lambda: 1e-05"
[1] "lambda: 9.99999999999999e-05"
[1] "lambda: 0.001"
[1] "lambda: 0.01"
[1] "lambda: 0.1"
[1] "gamma: 9.99999999999999e-05"
[1] "lambda: 1e-05"
[1] "lambda: 9.99999999999999e-05"
[1] "lambda: 0.001"
[1] "lambda: 0.01"
[1] "lambda: 0.1"
[1] "gamma: 0.001"
[1] "lambda: 1e-05"
[1] "lambda: 9.99999999999999e-05"
[1] "lambda: 0.001"
[1] "lambda: 0.01"
[1] "lambda: 0.1"
[1] "gamma: 0.01"
[1] "lambda: 1e-05"
[1] "lambda: 9.99999999999999e-05"
[1] "lambda: 0.001"
[1] "lambda: 0.01"
[1] "lambda: 0.1"
[1] "gamma: 0.1"
[1] "lambda: 1e-05"
[1] "lambda: 9.99999999999999e-05"
[1] "lambda: 0.001"
[1] "lambda: 0.01"
[1] "lambda: 0.1"
[1] "rank: 2"
[1] "lambda: 1e-05"
[1] "lambda: 9.99999999999999e-05"
[1] "lambda: 0.001"
[1] "lambda: 0.01"
[1] "lambda: 0.1"
[1] "rank: 3"
[1] "lambda: 1e-05"
[1] "lambda: 9.99999999999999e-05"
[1] "lambda: 0.001"
[1] "lambda: 0.01"
[1] "lambda: 0.1"
[1] "rank: 4"
[1] "lambda: 1e-05"
[1] "lambda: 9.99999999999999e-05"
[1] "lambda: 0.001"
[1] "lambda: 0.01"
[1] "lambda: 0.1"
[1] "rank: 5"
[1] "lambda: 1e-05"
[1] "lambda: 9.99999999999999e-05"
[1] "lambda: 0.001"
[1] "lambda: 0.01"
[1] "lambda: 0.1"
[1] "rank: 6"
[1] "lambda: 1e-05"
[1] "lambda: 9.99999999999999e-05"
[1] "lambda: 0.001"
[1] "lambda: 0.01"
[1] "lambda: 0.1"
[1] "SIM ITER 82"
[1] "gamma: 1e-05"
[1] "lambda: 1e-05"
[1] "lambda: 9.99999999999999e-05"
[1] "lambda: 0.001"
[1] "lambda: 0.01"
[1] "lambda: 0.1"
[1] "gamma: 9.99999999999999e-05"
[1] "lambda: 1e-05"
[1] "lambda: 9.99999999999999e-05"
[1] "lambda: 0.001"
[1] "lambda: 0.01"
[1] "lambda: 0.1"
[1] "gamma: 0.001"
[1] "lambda: 1e-05"
[1] "lambda: 9.99999999999999e-05"
[1] "lambda: 0.001"
[1] "lambda: 0.01"
[1] "lambda: 0.1"
[1] "gamma: 0.01"
[1] "lambda: 1e-05"
[1] "lambda: 9.99999999999999e-05"
[1] "lambda: 0.001"
[1] "lambda: 0.01"
[1] "lambda: 0.1"
[1] "gamma: 0.1"
[1] "lambda: 1e-05"
[1] "lambda: 9.99999999999999e-05"
[1] "lambda: 0.001"
[1] "lambda: 0.01"
[1] "lambda: 0.1"
[1] "rank: 2"
[1] "lambda: 1e-05"
[1] "lambda: 9.99999999999999e-05"
[1] "lambda: 0.001"
[1] "lambda: 0.01"
[1] "lambda: 0.1"
[1] "rank: 3"
[1] "lambda: 1e-05"
[1] "lambda: 9.99999999999999e-05"
[1] "lambda: 0.001"
[1] "lambda: 0.01"
[1] "lambda: 0.1"
[1] "rank: 4"
[1] "lambda: 1e-05"
[1] "lambda: 9.99999999999999e-05"
[1] "lambda: 0.001"
[1] "lambda: 0.01"
[1] "lambda: 0.1"
[1] "rank: 5"
[1] "lambda: 1e-05"
[1] "lambda: 9.99999999999999e-05"
[1] "lambda: 0.001"
[1] "lambda: 0.01"
[1] "lambda: 0.1"
[1] "rank: 6"
[1] "lambda: 1e-05"
[1] "lambda: 9.99999999999999e-05"
[1] "lambda: 0.001"
[1] "lambda: 0.01"
[1] "lambda: 0.1"
[1] "SIM ITER 83"
[1] "gamma: 1e-05"
[1] "lambda: 1e-05"
[1] "lambda: 9.99999999999999e-05"
[1] "lambda: 0.001"
[1] "lambda: 0.01"
[1] "lambda: 0.1"
[1] "gamma: 9.99999999999999e-05"
[1] "lambda: 1e-05"
[1] "lambda: 9.99999999999999e-05"
[1] "lambda: 0.001"
[1] "lambda: 0.01"
[1] "lambda: 0.1"
[1] "gamma: 0.001"
[1] "lambda: 1e-05"
[1] "lambda: 9.99999999999999e-05"
[1] "lambda: 0.001"
[1] "lambda: 0.01"
[1] "lambda: 0.1"
[1] "gamma: 0.01"
[1] "lambda: 1e-05"
[1] "lambda: 9.99999999999999e-05"
[1] "lambda: 0.001"
[1] "lambda: 0.01"
[1] "lambda: 0.1"
[1] "gamma: 0.1"
[1] "lambda: 1e-05"
[1] "lambda: 9.99999999999999e-05"
[1] "lambda: 0.001"
[1] "lambda: 0.01"
[1] "lambda: 0.1"
[1] "rank: 2"
[1] "lambda: 1e-05"
[1] "lambda: 9.99999999999999e-05"
[1] "lambda: 0.001"
[1] "lambda: 0.01"
[1] "lambda: 0.1"
[1] "rank: 3"
[1] "lambda: 1e-05"
[1] "lambda: 9.99999999999999e-05"
[1] "lambda: 0.001"
[1] "lambda: 0.01"
[1] "lambda: 0.1"
[1] "rank: 4"
[1] "lambda: 1e-05"
[1] "lambda: 9.99999999999999e-05"
[1] "lambda: 0.001"
[1] "lambda: 0.01"
[1] "lambda: 0.1"
[1] "rank: 5"
[1] "lambda: 1e-05"
[1] "lambda: 9.99999999999999e-05"
[1] "lambda: 0.001"
[1] "lambda: 0.01"
[1] "lambda: 0.1"
[1] "rank: 6"
[1] "lambda: 1e-05"
[1] "lambda: 9.99999999999999e-05"
[1] "lambda: 0.001"
[1] "lambda: 0.01"
[1] "lambda: 0.1"
[1] "SIM ITER 84"
[1] "gamma: 1e-05"
[1] "lambda: 1e-05"
[1] "lambda: 9.99999999999999e-05"
[1] "lambda: 0.001"
[1] "lambda: 0.01"
[1] "lambda: 0.1"
[1] "gamma: 9.99999999999999e-05"
[1] "lambda: 1e-05"
[1] "lambda: 9.99999999999999e-05"
[1] "lambda: 0.001"
[1] "lambda: 0.01"
[1] "lambda: 0.1"
[1] "gamma: 0.001"
[1] "lambda: 1e-05"
[1] "lambda: 9.99999999999999e-05"
[1] "lambda: 0.001"
[1] "lambda: 0.01"
[1] "lambda: 0.1"
[1] "gamma: 0.01"
[1] "lambda: 1e-05"
[1] "lambda: 9.99999999999999e-05"
[1] "lambda: 0.001"
[1] "lambda: 0.01"
[1] "lambda: 0.1"
[1] "gamma: 0.1"
[1] "lambda: 1e-05"
[1] "lambda: 9.99999999999999e-05"
[1] "lambda: 0.001"
[1] "lambda: 0.01"
[1] "lambda: 0.1"
[1] "rank: 2"
[1] "lambda: 1e-05"
[1] "lambda: 9.99999999999999e-05"
[1] "lambda: 0.001"
[1] "lambda: 0.01"
[1] "lambda: 0.1"
[1] "rank: 3"
[1] "lambda: 1e-05"
[1] "lambda: 9.99999999999999e-05"
[1] "lambda: 0.001"
[1] "lambda: 0.01"
[1] "lambda: 0.1"
[1] "rank: 4"
[1] "lambda: 1e-05"
[1] "lambda: 9.99999999999999e-05"
[1] "lambda: 0.001"
[1] "lambda: 0.01"
[1] "lambda: 0.1"
[1] "rank: 5"
[1] "lambda: 1e-05"
[1] "lambda: 9.99999999999999e-05"
[1] "lambda: 0.001"
[1] "lambda: 0.01"
[1] "lambda: 0.1"
[1] "rank: 6"
[1] "lambda: 1e-05"
[1] "lambda: 9.99999999999999e-05"
[1] "lambda: 0.001"
[1] "lambda: 0.01"
[1] "lambda: 0.1"
[1] "SIM ITER 85"
[1] "gamma: 1e-05"
[1] "lambda: 1e-05"
[1] "lambda: 9.99999999999999e-05"
[1] "lambda: 0.001"
[1] "lambda: 0.01"
[1] "lambda: 0.1"
[1] "gamma: 9.99999999999999e-05"
[1] "lambda: 1e-05"
[1] "lambda: 9.99999999999999e-05"
[1] "lambda: 0.001"
[1] "lambda: 0.01"
[1] "lambda: 0.1"
[1] "gamma: 0.001"
[1] "lambda: 1e-05"
[1] "lambda: 9.99999999999999e-05"
[1] "lambda: 0.001"
[1] "lambda: 0.01"
[1] "lambda: 0.1"
[1] "gamma: 0.01"
[1] "lambda: 1e-05"
[1] "lambda: 9.99999999999999e-05"
[1] "lambda: 0.001"
[1] "lambda: 0.01"
[1] "lambda: 0.1"
[1] "gamma: 0.1"
[1] "lambda: 1e-05"
[1] "lambda: 9.99999999999999e-05"
[1] "lambda: 0.001"
[1] "lambda: 0.01"
[1] "lambda: 0.1"
[1] "rank: 2"
[1] "lambda: 1e-05"
[1] "lambda: 9.99999999999999e-05"
[1] "lambda: 0.001"
[1] "lambda: 0.01"
[1] "lambda: 0.1"
[1] "rank: 3"
[1] "lambda: 1e-05"
[1] "lambda: 9.99999999999999e-05"
[1] "lambda: 0.001"
[1] "lambda: 0.01"
[1] "lambda: 0.1"
[1] "rank: 4"
[1] "lambda: 1e-05"
[1] "lambda: 9.99999999999999e-05"
[1] "lambda: 0.001"
[1] "lambda: 0.01"
[1] "lambda: 0.1"
[1] "rank: 5"
[1] "lambda: 1e-05"
[1] "lambda: 9.99999999999999e-05"
[1] "lambda: 0.001"
[1] "lambda: 0.01"
[1] "lambda: 0.1"
[1] "rank: 6"
[1] "lambda: 1e-05"
[1] "lambda: 9.99999999999999e-05"
[1] "lambda: 0.001"
[1] "lambda: 0.01"
[1] "lambda: 0.1"
[1] "SIM ITER 86"
[1] "gamma: 1e-05"
[1] "lambda: 1e-05"
[1] "lambda: 9.99999999999999e-05"
[1] "lambda: 0.001"
[1] "lambda: 0.01"
[1] "lambda: 0.1"
[1] "gamma: 9.99999999999999e-05"
[1] "lambda: 1e-05"
[1] "lambda: 9.99999999999999e-05"
[1] "lambda: 0.001"
[1] "lambda: 0.01"
[1] "lambda: 0.1"
[1] "gamma: 0.001"
[1] "lambda: 1e-05"
[1] "lambda: 9.99999999999999e-05"
[1] "lambda: 0.001"
[1] "lambda: 0.01"
[1] "lambda: 0.1"
[1] "gamma: 0.01"
[1] "lambda: 1e-05"
[1] "lambda: 9.99999999999999e-05"
[1] "lambda: 0.001"
[1] "lambda: 0.01"
[1] "lambda: 0.1"
[1] "gamma: 0.1"
[1] "lambda: 1e-05"
[1] "lambda: 9.99999999999999e-05"
[1] "lambda: 0.001"
[1] "lambda: 0.01"
[1] "lambda: 0.1"
[1] "rank: 2"
[1] "lambda: 1e-05"
[1] "lambda: 9.99999999999999e-05"
[1] "lambda: 0.001"
[1] "lambda: 0.01"
[1] "lambda: 0.1"
[1] "rank: 3"
[1] "lambda: 1e-05"
[1] "lambda: 9.99999999999999e-05"
[1] "lambda: 0.001"
[1] "lambda: 0.01"
[1] "lambda: 0.1"
[1] "rank: 4"
[1] "lambda: 1e-05"
[1] "lambda: 9.99999999999999e-05"
[1] "lambda: 0.001"
[1] "lambda: 0.01"
[1] "lambda: 0.1"
[1] "rank: 5"
[1] "lambda: 1e-05"
[1] "lambda: 9.99999999999999e-05"
[1] "lambda: 0.001"
[1] "lambda: 0.01"
[1] "lambda: 0.1"
[1] "rank: 6"
[1] "lambda: 1e-05"
[1] "lambda: 9.99999999999999e-05"
[1] "lambda: 0.001"
[1] "lambda: 0.01"
[1] "lambda: 0.1"
[1] "SIM ITER 87"
[1] "gamma: 1e-05"
[1] "lambda: 1e-05"
[1] "lambda: 9.99999999999999e-05"
[1] "lambda: 0.001"
[1] "lambda: 0.01"
[1] "lambda: 0.1"
[1] "gamma: 9.99999999999999e-05"
[1] "lambda: 1e-05"
[1] "lambda: 9.99999999999999e-05"
[1] "lambda: 0.001"
[1] "lambda: 0.01"
[1] "lambda: 0.1"
[1] "gamma: 0.001"
[1] "lambda: 1e-05"
[1] "lambda: 9.99999999999999e-05"
[1] "lambda: 0.001"
[1] "lambda: 0.01"
[1] "lambda: 0.1"
[1] "gamma: 0.01"
[1] "lambda: 1e-05"
[1] "lambda: 9.99999999999999e-05"
[1] "lambda: 0.001"
[1] "lambda: 0.01"
[1] "lambda: 0.1"
[1] "gamma: 0.1"
[1] "lambda: 1e-05"
[1] "lambda: 9.99999999999999e-05"
[1] "lambda: 0.001"
[1] "lambda: 0.01"
[1] "lambda: 0.1"
[1] "rank: 2"
[1] "lambda: 1e-05"
[1] "lambda: 9.99999999999999e-05"
[1] "lambda: 0.001"
[1] "lambda: 0.01"
[1] "lambda: 0.1"
[1] "rank: 3"
[1] "lambda: 1e-05"
[1] "lambda: 9.99999999999999e-05"
[1] "lambda: 0.001"
[1] "lambda: 0.01"
[1] "lambda: 0.1"
[1] "rank: 4"
[1] "lambda: 1e-05"
[1] "lambda: 9.99999999999999e-05"
[1] "lambda: 0.001"
[1] "lambda: 0.01"
[1] "lambda: 0.1"
[1] "rank: 5"
[1] "lambda: 1e-05"
[1] "lambda: 9.99999999999999e-05"
[1] "lambda: 0.001"
[1] "lambda: 0.01"
[1] "lambda: 0.1"
[1] "rank: 6"
[1] "lambda: 1e-05"
[1] "lambda: 9.99999999999999e-05"
[1] "lambda: 0.001"
[1] "lambda: 0.01"
[1] "lambda: 0.1"
[1] "SIM ITER 88"
[1] "gamma: 1e-05"
[1] "lambda: 1e-05"
[1] "lambda: 9.99999999999999e-05"
[1] "lambda: 0.001"
[1] "lambda: 0.01"
[1] "lambda: 0.1"
[1] "gamma: 9.99999999999999e-05"
[1] "lambda: 1e-05"
[1] "lambda: 9.99999999999999e-05"
[1] "lambda: 0.001"
[1] "lambda: 0.01"
[1] "lambda: 0.1"
[1] "gamma: 0.001"
[1] "lambda: 1e-05"
[1] "lambda: 9.99999999999999e-05"
[1] "lambda: 0.001"
[1] "lambda: 0.01"
[1] "lambda: 0.1"
[1] "gamma: 0.01"
[1] "lambda: 1e-05"
[1] "lambda: 9.99999999999999e-05"
[1] "lambda: 0.001"
[1] "lambda: 0.01"
[1] "lambda: 0.1"
[1] "gamma: 0.1"
[1] "lambda: 1e-05"
[1] "lambda: 9.99999999999999e-05"
[1] "lambda: 0.001"
[1] "lambda: 0.01"
[1] "lambda: 0.1"
[1] "rank: 2"
[1] "lambda: 1e-05"
[1] "lambda: 9.99999999999999e-05"
[1] "lambda: 0.001"
[1] "lambda: 0.01"
[1] "lambda: 0.1"
[1] "rank: 3"
[1] "lambda: 1e-05"
[1] "lambda: 9.99999999999999e-05"
[1] "lambda: 0.001"
[1] "lambda: 0.01"
[1] "lambda: 0.1"
[1] "rank: 4"
[1] "lambda: 1e-05"
[1] "lambda: 9.99999999999999e-05"
[1] "lambda: 0.001"
[1] "lambda: 0.01"
[1] "lambda: 0.1"
[1] "rank: 5"
[1] "lambda: 1e-05"
[1] "lambda: 9.99999999999999e-05"
[1] "lambda: 0.001"
[1] "lambda: 0.01"
[1] "lambda: 0.1"
[1] "rank: 6"
[1] "lambda: 1e-05"
[1] "lambda: 9.99999999999999e-05"
[1] "lambda: 0.001"
[1] "lambda: 0.01"
[1] "lambda: 0.1"
[1] "SIM ITER 89"
[1] "gamma: 1e-05"
[1] "lambda: 1e-05"
[1] "lambda: 9.99999999999999e-05"
[1] "lambda: 0.001"
[1] "lambda: 0.01"
[1] "lambda: 0.1"
[1] "gamma: 9.99999999999999e-05"
[1] "lambda: 1e-05"
[1] "lambda: 9.99999999999999e-05"
[1] "lambda: 0.001"
[1] "lambda: 0.01"
[1] "lambda: 0.1"
[1] "gamma: 0.001"
[1] "lambda: 1e-05"
[1] "lambda: 9.99999999999999e-05"
[1] "lambda: 0.001"
[1] "lambda: 0.01"
[1] "lambda: 0.1"
[1] "gamma: 0.01"
[1] "lambda: 1e-05"
[1] "lambda: 9.99999999999999e-05"
[1] "lambda: 0.001"
[1] "lambda: 0.01"
[1] "lambda: 0.1"
[1] "gamma: 0.1"
[1] "lambda: 1e-05"
[1] "lambda: 9.99999999999999e-05"
[1] "lambda: 0.001"
[1] "lambda: 0.01"
[1] "lambda: 0.1"
[1] "rank: 2"
[1] "lambda: 1e-05"
[1] "lambda: 9.99999999999999e-05"
[1] "lambda: 0.001"
[1] "lambda: 0.01"
[1] "lambda: 0.1"
[1] "rank: 3"
[1] "lambda: 1e-05"
[1] "lambda: 9.99999999999999e-05"
[1] "lambda: 0.001"
[1] "lambda: 0.01"
[1] "lambda: 0.1"
[1] "rank: 4"
[1] "lambda: 1e-05"
[1] "lambda: 9.99999999999999e-05"
[1] "lambda: 0.001"
[1] "lambda: 0.01"
[1] "lambda: 0.1"
[1] "rank: 5"
[1] "lambda: 1e-05"
[1] "lambda: 9.99999999999999e-05"
[1] "lambda: 0.001"
[1] "lambda: 0.01"
[1] "lambda: 0.1"
[1] "rank: 6"
[1] "lambda: 1e-05"
[1] "lambda: 9.99999999999999e-05"
[1] "lambda: 0.001"
[1] "lambda: 0.01"
[1] "lambda: 0.1"
[1] "SIM ITER 90"
[1] "gamma: 1e-05"
[1] "lambda: 1e-05"
[1] "lambda: 9.99999999999999e-05"
[1] "lambda: 0.001"
[1] "lambda: 0.01"
[1] "lambda: 0.1"
[1] "gamma: 9.99999999999999e-05"
[1] "lambda: 1e-05"
[1] "lambda: 9.99999999999999e-05"
[1] "lambda: 0.001"
[1] "lambda: 0.01"
[1] "lambda: 0.1"
[1] "gamma: 0.001"
[1] "lambda: 1e-05"
[1] "lambda: 9.99999999999999e-05"
[1] "lambda: 0.001"
[1] "lambda: 0.01"
[1] "lambda: 0.1"
[1] "gamma: 0.01"
[1] "lambda: 1e-05"
[1] "lambda: 9.99999999999999e-05"
[1] "lambda: 0.001"
[1] "lambda: 0.01"
[1] "lambda: 0.1"
[1] "gamma: 0.1"
[1] "lambda: 1e-05"
[1] "lambda: 9.99999999999999e-05"
[1] "lambda: 0.001"
[1] "lambda: 0.01"
[1] "lambda: 0.1"
[1] "rank: 2"
[1] "lambda: 1e-05"
[1] "lambda: 9.99999999999999e-05"
[1] "lambda: 0.001"
[1] "lambda: 0.01"
[1] "lambda: 0.1"
[1] "rank: 3"
[1] "lambda: 1e-05"
[1] "lambda: 9.99999999999999e-05"
[1] "lambda: 0.001"
[1] "lambda: 0.01"
[1] "lambda: 0.1"
[1] "rank: 4"
[1] "lambda: 1e-05"
[1] "lambda: 9.99999999999999e-05"
[1] "lambda: 0.001"
[1] "lambda: 0.01"
[1] "lambda: 0.1"
[1] "rank: 5"
[1] "lambda: 1e-05"
[1] "lambda: 9.99999999999999e-05"
[1] "lambda: 0.001"
[1] "lambda: 0.01"
[1] "lambda: 0.1"
[1] "rank: 6"
[1] "lambda: 1e-05"
[1] "lambda: 9.99999999999999e-05"
[1] "lambda: 0.001"
[1] "lambda: 0.01"
[1] "lambda: 0.1"
[1] "SIM ITER 91"
[1] "gamma: 1e-05"
[1] "lambda: 1e-05"
[1] "lambda: 9.99999999999999e-05"
[1] "lambda: 0.001"
[1] "lambda: 0.01"
[1] "lambda: 0.1"
[1] "gamma: 9.99999999999999e-05"
[1] "lambda: 1e-05"
[1] "lambda: 9.99999999999999e-05"
[1] "lambda: 0.001"
[1] "lambda: 0.01"
[1] "lambda: 0.1"
[1] "gamma: 0.001"
[1] "lambda: 1e-05"
[1] "lambda: 9.99999999999999e-05"
[1] "lambda: 0.001"
[1] "lambda: 0.01"
[1] "lambda: 0.1"
[1] "gamma: 0.01"
[1] "lambda: 1e-05"
[1] "lambda: 9.99999999999999e-05"
[1] "lambda: 0.001"
[1] "lambda: 0.01"
[1] "lambda: 0.1"
[1] "gamma: 0.1"
[1] "lambda: 1e-05"
[1] "lambda: 9.99999999999999e-05"
[1] "lambda: 0.001"
[1] "lambda: 0.01"
[1] "lambda: 0.1"
[1] "rank: 2"
[1] "lambda: 1e-05"
[1] "lambda: 9.99999999999999e-05"
[1] "lambda: 0.001"
[1] "lambda: 0.01"
[1] "lambda: 0.1"
[1] "rank: 3"
[1] "lambda: 1e-05"
[1] "lambda: 9.99999999999999e-05"
[1] "lambda: 0.001"
[1] "lambda: 0.01"
[1] "lambda: 0.1"
[1] "rank: 4"
[1] "lambda: 1e-05"
[1] "lambda: 9.99999999999999e-05"
[1] "lambda: 0.001"
[1] "lambda: 0.01"
[1] "lambda: 0.1"
[1] "rank: 5"
[1] "lambda: 1e-05"
[1] "lambda: 9.99999999999999e-05"
[1] "lambda: 0.001"
[1] "lambda: 0.01"
[1] "lambda: 0.1"
[1] "rank: 6"
[1] "lambda: 1e-05"
[1] "lambda: 9.99999999999999e-05"
[1] "lambda: 0.001"
[1] "lambda: 0.01"
[1] "lambda: 0.1"
[1] "SIM ITER 92"
[1] "gamma: 1e-05"
[1] "lambda: 1e-05"
[1] "lambda: 9.99999999999999e-05"
[1] "lambda: 0.001"
[1] "lambda: 0.01"
[1] "lambda: 0.1"
[1] "gamma: 9.99999999999999e-05"
[1] "lambda: 1e-05"
[1] "lambda: 9.99999999999999e-05"
[1] "lambda: 0.001"
[1] "lambda: 0.01"
[1] "lambda: 0.1"
[1] "gamma: 0.001"
[1] "lambda: 1e-05"
[1] "lambda: 9.99999999999999e-05"
[1] "lambda: 0.001"
[1] "lambda: 0.01"
[1] "lambda: 0.1"
[1] "gamma: 0.01"
[1] "lambda: 1e-05"
[1] "lambda: 9.99999999999999e-05"
[1] "lambda: 0.001"
[1] "lambda: 0.01"
[1] "lambda: 0.1"
[1] "gamma: 0.1"
[1] "lambda: 1e-05"
[1] "lambda: 9.99999999999999e-05"
[1] "lambda: 0.001"
[1] "lambda: 0.01"
[1] "lambda: 0.1"
[1] "rank: 2"
[1] "lambda: 1e-05"
[1] "lambda: 9.99999999999999e-05"
[1] "lambda: 0.001"
[1] "lambda: 0.01"
[1] "lambda: 0.1"
[1] "rank: 3"
[1] "lambda: 1e-05"
[1] "lambda: 9.99999999999999e-05"
[1] "lambda: 0.001"
[1] "lambda: 0.01"
[1] "lambda: 0.1"
[1] "rank: 4"
[1] "lambda: 1e-05"
[1] "lambda: 9.99999999999999e-05"
[1] "lambda: 0.001"
[1] "lambda: 0.01"
[1] "lambda: 0.1"
[1] "rank: 5"
[1] "lambda: 1e-05"
[1] "lambda: 9.99999999999999e-05"
[1] "lambda: 0.001"
[1] "lambda: 0.01"
[1] "lambda: 0.1"
[1] "rank: 6"
[1] "lambda: 1e-05"
[1] "lambda: 9.99999999999999e-05"
[1] "lambda: 0.001"
[1] "lambda: 0.01"
[1] "lambda: 0.1"
[1] "SIM ITER 93"
[1] "gamma: 1e-05"
[1] "lambda: 1e-05"
[1] "lambda: 9.99999999999999e-05"
[1] "lambda: 0.001"
[1] "lambda: 0.01"
[1] "lambda: 0.1"
[1] "gamma: 9.99999999999999e-05"
[1] "lambda: 1e-05"
[1] "lambda: 9.99999999999999e-05"
[1] "lambda: 0.001"
[1] "lambda: 0.01"
[1] "lambda: 0.1"
[1] "gamma: 0.001"
[1] "lambda: 1e-05"
[1] "lambda: 9.99999999999999e-05"
[1] "lambda: 0.001"
[1] "lambda: 0.01"
[1] "lambda: 0.1"
[1] "gamma: 0.01"
[1] "lambda: 1e-05"
[1] "lambda: 9.99999999999999e-05"
[1] "lambda: 0.001"
[1] "lambda: 0.01"
[1] "lambda: 0.1"
[1] "gamma: 0.1"
[1] "lambda: 1e-05"
[1] "lambda: 9.99999999999999e-05"
[1] "lambda: 0.001"
[1] "lambda: 0.01"
[1] "lambda: 0.1"
[1] "rank: 2"
[1] "lambda: 1e-05"
[1] "lambda: 9.99999999999999e-05"
[1] "lambda: 0.001"
[1] "lambda: 0.01"
[1] "lambda: 0.1"
[1] "rank: 3"
[1] "lambda: 1e-05"
[1] "lambda: 9.99999999999999e-05"
[1] "lambda: 0.001"
[1] "lambda: 0.01"
[1] "lambda: 0.1"
[1] "rank: 4"
[1] "lambda: 1e-05"
[1] "lambda: 9.99999999999999e-05"
[1] "lambda: 0.001"
[1] "lambda: 0.01"
[1] "lambda: 0.1"
[1] "rank: 5"
[1] "lambda: 1e-05"
[1] "lambda: 9.99999999999999e-05"
[1] "lambda: 0.001"
[1] "lambda: 0.01"
[1] "lambda: 0.1"
[1] "rank: 6"
[1] "lambda: 1e-05"
[1] "lambda: 9.99999999999999e-05"
[1] "lambda: 0.001"
[1] "lambda: 0.01"
[1] "lambda: 0.1"
[1] "SIM ITER 94"
[1] "gamma: 1e-05"
[1] "lambda: 1e-05"
[1] "lambda: 9.99999999999999e-05"
[1] "lambda: 0.001"
[1] "lambda: 0.01"
[1] "lambda: 0.1"
[1] "gamma: 9.99999999999999e-05"
[1] "lambda: 1e-05"
[1] "lambda: 9.99999999999999e-05"
[1] "lambda: 0.001"
[1] "lambda: 0.01"
[1] "lambda: 0.1"
[1] "gamma: 0.001"
[1] "lambda: 1e-05"
[1] "lambda: 9.99999999999999e-05"
[1] "lambda: 0.001"
[1] "lambda: 0.01"
[1] "lambda: 0.1"
[1] "gamma: 0.01"
[1] "lambda: 1e-05"
[1] "lambda: 9.99999999999999e-05"
[1] "lambda: 0.001"
[1] "lambda: 0.01"
[1] "lambda: 0.1"
[1] "gamma: 0.1"
[1] "lambda: 1e-05"
[1] "lambda: 9.99999999999999e-05"
[1] "lambda: 0.001"
[1] "lambda: 0.01"
[1] "lambda: 0.1"
[1] "rank: 2"
[1] "lambda: 1e-05"
[1] "lambda: 9.99999999999999e-05"
[1] "lambda: 0.001"
[1] "lambda: 0.01"
[1] "lambda: 0.1"
[1] "rank: 3"
[1] "lambda: 1e-05"
[1] "lambda: 9.99999999999999e-05"
[1] "lambda: 0.001"
[1] "lambda: 0.01"
[1] "lambda: 0.1"
[1] "rank: 4"
[1] "lambda: 1e-05"
[1] "lambda: 9.99999999999999e-05"
[1] "lambda: 0.001"
[1] "lambda: 0.01"
[1] "lambda: 0.1"
[1] "rank: 5"
[1] "lambda: 1e-05"
[1] "lambda: 9.99999999999999e-05"
[1] "lambda: 0.001"
[1] "lambda: 0.01"
[1] "lambda: 0.1"
[1] "rank: 6"
[1] "lambda: 1e-05"
[1] "lambda: 9.99999999999999e-05"
[1] "lambda: 0.001"
[1] "lambda: 0.01"
[1] "lambda: 0.1"
[1] "SIM ITER 95"
[1] "gamma: 1e-05"
[1] "lambda: 1e-05"
[1] "lambda: 9.99999999999999e-05"
[1] "lambda: 0.001"
[1] "lambda: 0.01"
[1] "lambda: 0.1"
[1] "gamma: 9.99999999999999e-05"
[1] "lambda: 1e-05"
[1] "lambda: 9.99999999999999e-05"
[1] "lambda: 0.001"
[1] "lambda: 0.01"
[1] "lambda: 0.1"
[1] "gamma: 0.001"
[1] "lambda: 1e-05"
[1] "lambda: 9.99999999999999e-05"
[1] "lambda: 0.001"
[1] "lambda: 0.01"
[1] "lambda: 0.1"
[1] "gamma: 0.01"
[1] "lambda: 1e-05"
[1] "lambda: 9.99999999999999e-05"
[1] "lambda: 0.001"
[1] "lambda: 0.01"
[1] "lambda: 0.1"
[1] "gamma: 0.1"
[1] "lambda: 1e-05"
[1] "lambda: 9.99999999999999e-05"
[1] "lambda: 0.001"
[1] "lambda: 0.01"
[1] "lambda: 0.1"
[1] "rank: 2"
[1] "lambda: 1e-05"
[1] "lambda: 9.99999999999999e-05"
[1] "lambda: 0.001"
[1] "lambda: 0.01"
[1] "lambda: 0.1"
[1] "rank: 3"
[1] "lambda: 1e-05"
[1] "lambda: 9.99999999999999e-05"
[1] "lambda: 0.001"
[1] "lambda: 0.01"
[1] "lambda: 0.1"
[1] "rank: 4"
[1] "lambda: 1e-05"
[1] "lambda: 9.99999999999999e-05"
[1] "lambda: 0.001"
[1] "lambda: 0.01"
[1] "lambda: 0.1"
[1] "rank: 5"
[1] "lambda: 1e-05"
[1] "lambda: 9.99999999999999e-05"
[1] "lambda: 0.001"
[1] "lambda: 0.01"
[1] "lambda: 0.1"
[1] "rank: 6"
[1] "lambda: 1e-05"
[1] "lambda: 9.99999999999999e-05"
[1] "lambda: 0.001"
[1] "lambda: 0.01"
[1] "lambda: 0.1"
[1] "SIM ITER 96"
[1] "gamma: 1e-05"
[1] "lambda: 1e-05"
[1] "lambda: 9.99999999999999e-05"
[1] "lambda: 0.001"
[1] "lambda: 0.01"
[1] "lambda: 0.1"
[1] "gamma: 9.99999999999999e-05"
[1] "lambda: 1e-05"
[1] "lambda: 9.99999999999999e-05"
[1] "lambda: 0.001"
[1] "lambda: 0.01"
[1] "lambda: 0.1"
[1] "gamma: 0.001"
[1] "lambda: 1e-05"
[1] "lambda: 9.99999999999999e-05"
[1] "lambda: 0.001"
[1] "lambda: 0.01"
[1] "lambda: 0.1"
[1] "gamma: 0.01"
[1] "lambda: 1e-05"
[1] "lambda: 9.99999999999999e-05"
[1] "lambda: 0.001"
[1] "lambda: 0.01"
[1] "lambda: 0.1"
[1] "gamma: 0.1"
[1] "lambda: 1e-05"
[1] "lambda: 9.99999999999999e-05"
[1] "lambda: 0.001"
[1] "lambda: 0.01"
[1] "lambda: 0.1"
[1] "rank: 2"
[1] "lambda: 1e-05"
[1] "lambda: 9.99999999999999e-05"
[1] "lambda: 0.001"
[1] "lambda: 0.01"
[1] "lambda: 0.1"
[1] "rank: 3"
[1] "lambda: 1e-05"
[1] "lambda: 9.99999999999999e-05"
[1] "lambda: 0.001"
[1] "lambda: 0.01"
[1] "lambda: 0.1"
[1] "rank: 4"
[1] "lambda: 1e-05"
[1] "lambda: 9.99999999999999e-05"
[1] "lambda: 0.001"
[1] "lambda: 0.01"
[1] "lambda: 0.1"
[1] "rank: 5"
[1] "lambda: 1e-05"
[1] "lambda: 9.99999999999999e-05"
[1] "lambda: 0.001"
[1] "lambda: 0.01"
[1] "lambda: 0.1"
[1] "rank: 6"
[1] "lambda: 1e-05"
[1] "lambda: 9.99999999999999e-05"
[1] "lambda: 0.001"
[1] "lambda: 0.01"
[1] "lambda: 0.1"
[1] "SIM ITER 97"
[1] "gamma: 1e-05"
[1] "lambda: 1e-05"
[1] "lambda: 9.99999999999999e-05"
[1] "lambda: 0.001"
[1] "lambda: 0.01"
[1] "lambda: 0.1"
[1] "gamma: 9.99999999999999e-05"
[1] "lambda: 1e-05"
[1] "lambda: 9.99999999999999e-05"
[1] "lambda: 0.001"
[1] "lambda: 0.01"
[1] "lambda: 0.1"
[1] "gamma: 0.001"
[1] "lambda: 1e-05"
[1] "lambda: 9.99999999999999e-05"
[1] "lambda: 0.001"
[1] "lambda: 0.01"
[1] "lambda: 0.1"
[1] "gamma: 0.01"
[1] "lambda: 1e-05"
[1] "lambda: 9.99999999999999e-05"
[1] "lambda: 0.001"
[1] "lambda: 0.01"
[1] "lambda: 0.1"
[1] "gamma: 0.1"
[1] "lambda: 1e-05"
[1] "lambda: 9.99999999999999e-05"
[1] "lambda: 0.001"
[1] "lambda: 0.01"
[1] "lambda: 0.1"
[1] "rank: 2"
[1] "lambda: 1e-05"
[1] "lambda: 9.99999999999999e-05"
[1] "lambda: 0.001"
[1] "lambda: 0.01"
[1] "lambda: 0.1"
[1] "rank: 3"
[1] "lambda: 1e-05"
[1] "lambda: 9.99999999999999e-05"
[1] "lambda: 0.001"
[1] "lambda: 0.01"
[1] "lambda: 0.1"
[1] "rank: 4"
[1] "lambda: 1e-05"
[1] "lambda: 9.99999999999999e-05"
[1] "lambda: 0.001"
[1] "lambda: 0.01"
[1] "lambda: 0.1"
[1] "rank: 5"
[1] "lambda: 1e-05"
[1] "lambda: 9.99999999999999e-05"
[1] "lambda: 0.001"
[1] "lambda: 0.01"
[1] "lambda: 0.1"
[1] "rank: 6"
[1] "lambda: 1e-05"
[1] "lambda: 9.99999999999999e-05"
[1] "lambda: 0.001"
[1] "lambda: 0.01"
[1] "lambda: 0.1"
[1] "SIM ITER 98"
[1] "gamma: 1e-05"
[1] "lambda: 1e-05"
[1] "lambda: 9.99999999999999e-05"
[1] "lambda: 0.001"
[1] "lambda: 0.01"
[1] "lambda: 0.1"
[1] "gamma: 9.99999999999999e-05"
[1] "lambda: 1e-05"
[1] "lambda: 9.99999999999999e-05"
[1] "lambda: 0.001"
[1] "lambda: 0.01"
[1] "lambda: 0.1"
[1] "gamma: 0.001"
[1] "lambda: 1e-05"
[1] "lambda: 9.99999999999999e-05"
[1] "lambda: 0.001"
[1] "lambda: 0.01"
[1] "lambda: 0.1"
[1] "gamma: 0.01"
[1] "lambda: 1e-05"
[1] "lambda: 9.99999999999999e-05"
[1] "lambda: 0.001"
[1] "lambda: 0.01"
[1] "lambda: 0.1"
[1] "gamma: 0.1"
[1] "lambda: 1e-05"
[1] "lambda: 9.99999999999999e-05"
[1] "lambda: 0.001"
[1] "lambda: 0.01"
[1] "lambda: 0.1"
[1] "rank: 2"
[1] "lambda: 1e-05"
[1] "lambda: 9.99999999999999e-05"
[1] "lambda: 0.001"
[1] "lambda: 0.01"
[1] "lambda: 0.1"
[1] "rank: 3"
[1] "lambda: 1e-05"
[1] "lambda: 9.99999999999999e-05"
[1] "lambda: 0.001"
[1] "lambda: 0.01"
[1] "lambda: 0.1"
[1] "rank: 4"
[1] "lambda: 1e-05"
[1] "lambda: 9.99999999999999e-05"
[1] "lambda: 0.001"
[1] "lambda: 0.01"
[1] "lambda: 0.1"
[1] "rank: 5"
[1] "lambda: 1e-05"
[1] "lambda: 9.99999999999999e-05"
[1] "lambda: 0.001"
[1] "lambda: 0.01"
[1] "lambda: 0.1"
[1] "rank: 6"
[1] "lambda: 1e-05"
[1] "lambda: 9.99999999999999e-05"
[1] "lambda: 0.001"
[1] "lambda: 0.01"
[1] "lambda: 0.1"
[1] "SIM ITER 99"
[1] "gamma: 1e-05"
[1] "lambda: 1e-05"
[1] "lambda: 9.99999999999999e-05"
[1] "lambda: 0.001"
[1] "lambda: 0.01"
[1] "lambda: 0.1"
[1] "gamma: 9.99999999999999e-05"
[1] "lambda: 1e-05"
[1] "lambda: 9.99999999999999e-05"
[1] "lambda: 0.001"
[1] "lambda: 0.01"
[1] "lambda: 0.1"
[1] "gamma: 0.001"
[1] "lambda: 1e-05"
[1] "lambda: 9.99999999999999e-05"
[1] "lambda: 0.001"
[1] "lambda: 0.01"
[1] "lambda: 0.1"
[1] "gamma: 0.01"
[1] "lambda: 1e-05"
[1] "lambda: 9.99999999999999e-05"
[1] "lambda: 0.001"
[1] "lambda: 0.01"
[1] "lambda: 0.1"
[1] "gamma: 0.1"
[1] "lambda: 1e-05"
[1] "lambda: 9.99999999999999e-05"
[1] "lambda: 0.001"
[1] "lambda: 0.01"
[1] "lambda: 0.1"
[1] "rank: 2"
[1] "lambda: 1e-05"
[1] "lambda: 9.99999999999999e-05"
[1] "lambda: 0.001"
[1] "lambda: 0.01"
[1] "lambda: 0.1"
[1] "rank: 3"
[1] "lambda: 1e-05"
[1] "lambda: 9.99999999999999e-05"
[1] "lambda: 0.001"
[1] "lambda: 0.01"
[1] "lambda: 0.1"
[1] "rank: 4"
[1] "lambda: 1e-05"
[1] "lambda: 9.99999999999999e-05"
[1] "lambda: 0.001"
[1] "lambda: 0.01"
[1] "lambda: 0.1"
[1] "rank: 5"
[1] "lambda: 1e-05"
[1] "lambda: 9.99999999999999e-05"
[1] "lambda: 0.001"
[1] "lambda: 0.01"
[1] "lambda: 0.1"
[1] "rank: 6"
[1] "lambda: 1e-05"
[1] "lambda: 9.99999999999999e-05"
[1] "lambda: 0.001"
[1] "lambda: 0.01"
[1] "lambda: 0.1"
[1] "SIM ITER 100"
[1] "gamma: 1e-05"
[1] "lambda: 1e-05"
[1] "lambda: 9.99999999999999e-05"
[1] "lambda: 0.001"
[1] "lambda: 0.01"
[1] "lambda: 0.1"
[1] "gamma: 9.99999999999999e-05"
[1] "lambda: 1e-05"
[1] "lambda: 9.99999999999999e-05"
[1] "lambda: 0.001"
[1] "lambda: 0.01"
[1] "lambda: 0.1"
[1] "gamma: 0.001"
[1] "lambda: 1e-05"
[1] "lambda: 9.99999999999999e-05"
[1] "lambda: 0.001"
[1] "lambda: 0.01"
[1] "lambda: 0.1"
[1] "gamma: 0.01"
[1] "lambda: 1e-05"
[1] "lambda: 9.99999999999999e-05"
[1] "lambda: 0.001"
[1] "lambda: 0.01"
[1] "lambda: 0.1"
[1] "gamma: 0.1"
[1] "lambda: 1e-05"
[1] "lambda: 9.99999999999999e-05"
[1] "lambda: 0.001"
[1] "lambda: 0.01"
[1] "lambda: 0.1"
[1] "rank: 2"
[1] "lambda: 1e-05"
[1] "lambda: 9.99999999999999e-05"
[1] "lambda: 0.001"
[1] "lambda: 0.01"
[1] "lambda: 0.1"
[1] "rank: 3"
[1] "lambda: 1e-05"
[1] "lambda: 9.99999999999999e-05"
[1] "lambda: 0.001"
[1] "lambda: 0.01"
[1] "lambda: 0.1"
[1] "rank: 4"
[1] "lambda: 1e-05"
[1] "lambda: 9.99999999999999e-05"
[1] "lambda: 0.001"
[1] "lambda: 0.01"
[1] "lambda: 0.1"
[1] "rank: 5"
[1] "lambda: 1e-05"
[1] "lambda: 9.99999999999999e-05"
[1] "lambda: 0.001"
[1] "lambda: 0.01"
[1] "lambda: 0.1"
[1] "rank: 6"
[1] "lambda: 1e-05"
[1] "lambda: 9.99999999999999e-05"
[1] "lambda: 0.001"
[1] "lambda: 0.01"
[1] "lambda: 0.1"
