Received arguments: 6 150 26 50
Loading required package: lpSolve
        ../Core/cv.lvg.R ../Core/cv.slice.R ../Core/helper.R ../Core/lvglasso.R
value   ?                ?                  ?                ?                 
visible FALSE            FALSE              FALSE            FALSE             
        ../Core/runsim.R ../Core/sims.R ../Core/slice.R
value   ?                ?              ?              
visible FALSE            FALSE          FALSE          
[1] "plat: 6"
[1] "n: 150"
[1] "start: 26"
[1] "end: 50"
[1] "SIM ITER 26"
[1] "gamma: 1e-05"
[1] "lambda: 1e-05"
[1] "lambda: 9.99999999999999e-05"
[1] "lambda: 0.001"
[1] "lambda: 0.01"
[1] "lambda: 0.1"
[1] "gamma: 9.99999999999999e-05"
[1] "lambda: 1e-05"
[1] "lambda: 9.99999999999999e-05"
[1] "lambda: 0.001"
[1] "lambda: 0.01"
[1] "lambda: 0.1"
[1] "gamma: 0.001"
[1] "lambda: 1e-05"
[1] "lambda: 9.99999999999999e-05"
[1] "lambda: 0.001"
[1] "lambda: 0.01"
[1] "lambda: 0.1"
[1] "gamma: 0.01"
[1] "lambda: 1e-05"
[1] "lambda: 9.99999999999999e-05"
[1] "lambda: 0.001"
[1] "lambda: 0.01"
[1] "lambda: 0.1"
[1] "gamma: 0.1"
[1] "lambda: 1e-05"
[1] "lambda: 9.99999999999999e-05"
[1] "lambda: 0.001"
[1] "lambda: 0.01"
[1] "lambda: 0.1"
[1] "rank: 2"
[1] "lambda: 1e-05"
[1] "lambda: 9.99999999999999e-05"
[1] "lambda: 0.001"
[1] "lambda: 0.01"
[1] "lambda: 0.1"
[1] "rank: 3"
[1] "lambda: 1e-05"
[1] "lambda: 9.99999999999999e-05"
[1] "lambda: 0.001"
[1] "lambda: 0.01"
[1] "lambda: 0.1"
[1] "rank: 4"
[1] "lambda: 1e-05"
[1] "lambda: 9.99999999999999e-05"
[1] "lambda: 0.001"
[1] "lambda: 0.01"
[1] "lambda: 0.1"
[1] "rank: 5"
[1] "lambda: 1e-05"
[1] "lambda: 9.99999999999999e-05"
[1] "lambda: 0.001"
[1] "lambda: 0.01"
[1] "lambda: 0.1"
[1] "rank: 6"
[1] "lambda: 1e-05"
[1] "lambda: 9.99999999999999e-05"
[1] "lambda: 0.001"
[1] "lambda: 0.01"
[1] "lambda: 0.1"
[1] "SIM ITER 27"
[1] "gamma: 1e-05"
[1] "lambda: 1e-05"
[1] "lambda: 9.99999999999999e-05"
[1] "lambda: 0.001"
[1] "lambda: 0.01"
[1] "lambda: 0.1"
[1] "gamma: 9.99999999999999e-05"
[1] "lambda: 1e-05"
[1] "lambda: 9.99999999999999e-05"
[1] "lambda: 0.001"
[1] "lambda: 0.01"
[1] "lambda: 0.1"
[1] "gamma: 0.001"
[1] "lambda: 1e-05"
[1] "lambda: 9.99999999999999e-05"
[1] "lambda: 0.001"
[1] "lambda: 0.01"
[1] "lambda: 0.1"
[1] "gamma: 0.01"
[1] "lambda: 1e-05"
[1] "lambda: 9.99999999999999e-05"
[1] "lambda: 0.001"
[1] "lambda: 0.01"
[1] "lambda: 0.1"
[1] "gamma: 0.1"
[1] "lambda: 1e-05"
[1] "lambda: 9.99999999999999e-05"
[1] "lambda: 0.001"
[1] "lambda: 0.01"
[1] "lambda: 0.1"
[1] "rank: 2"
[1] "lambda: 1e-05"
[1] "lambda: 9.99999999999999e-05"
[1] "lambda: 0.001"
[1] "lambda: 0.01"
[1] "lambda: 0.1"
[1] "rank: 3"
[1] "lambda: 1e-05"
[1] "lambda: 9.99999999999999e-05"
[1] "lambda: 0.001"
[1] "lambda: 0.01"
[1] "lambda: 0.1"
[1] "rank: 4"
[1] "lambda: 1e-05"
[1] "lambda: 9.99999999999999e-05"
[1] "lambda: 0.001"
[1] "lambda: 0.01"
[1] "lambda: 0.1"
[1] "rank: 5"
[1] "lambda: 1e-05"
[1] "lambda: 9.99999999999999e-05"
[1] "lambda: 0.001"
[1] "lambda: 0.01"
[1] "lambda: 0.1"
[1] "rank: 6"
[1] "lambda: 1e-05"
[1] "lambda: 9.99999999999999e-05"
[1] "lambda: 0.001"
[1] "lambda: 0.01"
[1] "lambda: 0.1"
[1] "SIM ITER 28"
[1] "gamma: 1e-05"
[1] "lambda: 1e-05"
[1] "lambda: 9.99999999999999e-05"
[1] "lambda: 0.001"
[1] "lambda: 0.01"
[1] "lambda: 0.1"
[1] "gamma: 9.99999999999999e-05"
[1] "lambda: 1e-05"
[1] "lambda: 9.99999999999999e-05"
[1] "lambda: 0.001"
[1] "lambda: 0.01"
[1] "lambda: 0.1"
[1] "gamma: 0.001"
[1] "lambda: 1e-05"
[1] "lambda: 9.99999999999999e-05"
[1] "lambda: 0.001"
[1] "lambda: 0.01"
[1] "lambda: 0.1"
[1] "gamma: 0.01"
[1] "lambda: 1e-05"
[1] "lambda: 9.99999999999999e-05"
[1] "lambda: 0.001"
[1] "lambda: 0.01"
[1] "lambda: 0.1"
[1] "gamma: 0.1"
[1] "lambda: 1e-05"
[1] "lambda: 9.99999999999999e-05"
[1] "lambda: 0.001"
[1] "lambda: 0.01"
[1] "lambda: 0.1"
[1] "rank: 2"
[1] "lambda: 1e-05"
[1] "lambda: 9.99999999999999e-05"
[1] "lambda: 0.001"
[1] "lambda: 0.01"
[1] "lambda: 0.1"
[1] "rank: 3"
[1] "lambda: 1e-05"
[1] "lambda: 9.99999999999999e-05"
[1] "lambda: 0.001"
[1] "lambda: 0.01"
[1] "lambda: 0.1"
[1] "rank: 4"
[1] "lambda: 1e-05"
[1] "lambda: 9.99999999999999e-05"
[1] "lambda: 0.001"
[1] "lambda: 0.01"
[1] "lambda: 0.1"
[1] "rank: 5"
[1] "lambda: 1e-05"
[1] "lambda: 9.99999999999999e-05"
[1] "lambda: 0.001"
[1] "lambda: 0.01"
[1] "lambda: 0.1"
[1] "rank: 6"
[1] "lambda: 1e-05"
[1] "lambda: 9.99999999999999e-05"
[1] "lambda: 0.001"
[1] "lambda: 0.01"
[1] "lambda: 0.1"
[1] "SIM ITER 29"
[1] "gamma: 1e-05"
[1] "lambda: 1e-05"
[1] "lambda: 9.99999999999999e-05"
[1] "lambda: 0.001"
[1] "lambda: 0.01"
[1] "lambda: 0.1"
[1] "gamma: 9.99999999999999e-05"
[1] "lambda: 1e-05"
[1] "lambda: 9.99999999999999e-05"
[1] "lambda: 0.001"
[1] "lambda: 0.01"
[1] "lambda: 0.1"
[1] "gamma: 0.001"
[1] "lambda: 1e-05"
[1] "lambda: 9.99999999999999e-05"
[1] "lambda: 0.001"
[1] "lambda: 0.01"
[1] "lambda: 0.1"
[1] "gamma: 0.01"
[1] "lambda: 1e-05"
[1] "lambda: 9.99999999999999e-05"
[1] "lambda: 0.001"
[1] "lambda: 0.01"
[1] "lambda: 0.1"
[1] "gamma: 0.1"
[1] "lambda: 1e-05"
[1] "lambda: 9.99999999999999e-05"
[1] "lambda: 0.001"
[1] "lambda: 0.01"
[1] "lambda: 0.1"
[1] "rank: 2"
[1] "lambda: 1e-05"
[1] "lambda: 9.99999999999999e-05"
[1] "lambda: 0.001"
[1] "lambda: 0.01"
[1] "lambda: 0.1"
[1] "rank: 3"
[1] "lambda: 1e-05"
[1] "lambda: 9.99999999999999e-05"
[1] "lambda: 0.001"
[1] "lambda: 0.01"
[1] "lambda: 0.1"
[1] "rank: 4"
[1] "lambda: 1e-05"
[1] "lambda: 9.99999999999999e-05"
[1] "lambda: 0.001"
[1] "lambda: 0.01"
[1] "lambda: 0.1"
[1] "rank: 5"
[1] "lambda: 1e-05"
[1] "lambda: 9.99999999999999e-05"
[1] "lambda: 0.001"
[1] "lambda: 0.01"
[1] "lambda: 0.1"
[1] "rank: 6"
[1] "lambda: 1e-05"
[1] "lambda: 9.99999999999999e-05"
[1] "lambda: 0.001"
[1] "lambda: 0.01"
[1] "lambda: 0.1"
[1] "SIM ITER 30"
[1] "gamma: 1e-05"
[1] "lambda: 1e-05"
[1] "lambda: 9.99999999999999e-05"
[1] "lambda: 0.001"
[1] "lambda: 0.01"
[1] "lambda: 0.1"
[1] "gamma: 9.99999999999999e-05"
[1] "lambda: 1e-05"
[1] "lambda: 9.99999999999999e-05"
[1] "lambda: 0.001"
[1] "lambda: 0.01"
[1] "lambda: 0.1"
[1] "gamma: 0.001"
[1] "lambda: 1e-05"
[1] "lambda: 9.99999999999999e-05"
[1] "lambda: 0.001"
[1] "lambda: 0.01"
[1] "lambda: 0.1"
[1] "gamma: 0.01"
[1] "lambda: 1e-05"
[1] "lambda: 9.99999999999999e-05"
[1] "lambda: 0.001"
[1] "lambda: 0.01"
[1] "lambda: 0.1"
[1] "gamma: 0.1"
[1] "lambda: 1e-05"
[1] "lambda: 9.99999999999999e-05"
[1] "lambda: 0.001"
[1] "lambda: 0.01"
[1] "lambda: 0.1"
[1] "rank: 2"
[1] "lambda: 1e-05"
[1] "lambda: 9.99999999999999e-05"
[1] "lambda: 0.001"
[1] "lambda: 0.01"
[1] "lambda: 0.1"
[1] "rank: 3"
[1] "lambda: 1e-05"
[1] "lambda: 9.99999999999999e-05"
[1] "lambda: 0.001"
[1] "lambda: 0.01"
[1] "lambda: 0.1"
[1] "rank: 4"
[1] "lambda: 1e-05"
[1] "lambda: 9.99999999999999e-05"
[1] "lambda: 0.001"
[1] "lambda: 0.01"
[1] "lambda: 0.1"
[1] "rank: 5"
[1] "lambda: 1e-05"
[1] "lambda: 9.99999999999999e-05"
[1] "lambda: 0.001"
[1] "lambda: 0.01"
[1] "lambda: 0.1"
[1] "rank: 6"
[1] "lambda: 1e-05"
[1] "lambda: 9.99999999999999e-05"
[1] "lambda: 0.001"
[1] "lambda: 0.01"
[1] "lambda: 0.1"
[1] "SIM ITER 31"
[1] "gamma: 1e-05"
[1] "lambda: 1e-05"
[1] "lambda: 9.99999999999999e-05"
[1] "lambda: 0.001"
[1] "lambda: 0.01"
[1] "lambda: 0.1"
[1] "gamma: 9.99999999999999e-05"
[1] "lambda: 1e-05"
[1] "lambda: 9.99999999999999e-05"
[1] "lambda: 0.001"
[1] "lambda: 0.01"
[1] "lambda: 0.1"
[1] "gamma: 0.001"
[1] "lambda: 1e-05"
[1] "lambda: 9.99999999999999e-05"
[1] "lambda: 0.001"
[1] "lambda: 0.01"
[1] "lambda: 0.1"
[1] "gamma: 0.01"
[1] "lambda: 1e-05"
[1] "lambda: 9.99999999999999e-05"
[1] "lambda: 0.001"
[1] "lambda: 0.01"
[1] "lambda: 0.1"
[1] "gamma: 0.1"
[1] "lambda: 1e-05"
[1] "lambda: 9.99999999999999e-05"
[1] "lambda: 0.001"
[1] "lambda: 0.01"
[1] "lambda: 0.1"
[1] "rank: 2"
[1] "lambda: 1e-05"
[1] "lambda: 9.99999999999999e-05"
[1] "lambda: 0.001"
[1] "lambda: 0.01"
[1] "lambda: 0.1"
[1] "rank: 3"
[1] "lambda: 1e-05"
[1] "lambda: 9.99999999999999e-05"
[1] "lambda: 0.001"
[1] "lambda: 0.01"
[1] "lambda: 0.1"
[1] "rank: 4"
[1] "lambda: 1e-05"
[1] "lambda: 9.99999999999999e-05"
[1] "lambda: 0.001"
[1] "lambda: 0.01"
[1] "lambda: 0.1"
[1] "rank: 5"
[1] "lambda: 1e-05"
[1] "lambda: 9.99999999999999e-05"
[1] "lambda: 0.001"
[1] "lambda: 0.01"
[1] "lambda: 0.1"
[1] "rank: 6"
[1] "lambda: 1e-05"
[1] "lambda: 9.99999999999999e-05"
[1] "lambda: 0.001"
[1] "lambda: 0.01"
[1] "lambda: 0.1"
[1] "SIM ITER 32"
[1] "gamma: 1e-05"
[1] "lambda: 1e-05"
[1] "lambda: 9.99999999999999e-05"
[1] "lambda: 0.001"
[1] "lambda: 0.01"
[1] "lambda: 0.1"
[1] "gamma: 9.99999999999999e-05"
[1] "lambda: 1e-05"
[1] "lambda: 9.99999999999999e-05"
[1] "lambda: 0.001"
[1] "lambda: 0.01"
[1] "lambda: 0.1"
[1] "gamma: 0.001"
[1] "lambda: 1e-05"
[1] "lambda: 9.99999999999999e-05"
Error in eigen(a) : error code 1 from Lapack routine 'dsyevr'
Calls: runsim -> cv.lvg -> lvglasso -> nucl_shr -> eigen
Execution halted
