Received arguments: 3 300 1 25
Loading required package: lpSolve
        ../Core/cv.lvg.R ../Core/cv.slice.R ../Core/helper.R ../Core/lvglasso.R
value   ?                ?                  ?                ?                 
visible FALSE            FALSE              FALSE            FALSE             
        ../Core/runsim.R ../Core/sims.R ../Core/slice.R
value   ?                ?              ?              
visible FALSE            FALSE          FALSE          
[1] "plat: 3"
[1] "n: 300"
[1] "start: 1"
[1] "end: 25"
[1] "SIM ITER 1"
[1] "gamma: 1e-05"
[1] "lambda: 1e-05"
[1] "lambda: 9.99999999999999e-05"
[1] "lambda: 0.001"
[1] "lambda: 0.01"
[1] "lambda: 0.1"
[1] "gamma: 9.99999999999999e-05"
[1] "lambda: 1e-05"
[1] "lambda: 9.99999999999999e-05"
[1] "lambda: 0.001"
[1] "lambda: 0.01"
[1] "lambda: 0.1"
[1] "gamma: 0.001"
[1] "lambda: 1e-05"
[1] "lambda: 9.99999999999999e-05"
[1] "lambda: 0.001"
[1] "lambda: 0.01"
[1] "lambda: 0.1"
[1] "gamma: 0.01"
[1] "lambda: 1e-05"
[1] "lambda: 9.99999999999999e-05"
[1] "lambda: 0.001"
[1] "lambda: 0.01"
[1] "lambda: 0.1"
[1] "gamma: 0.1"
[1] "lambda: 1e-05"
[1] "lambda: 9.99999999999999e-05"
[1] "lambda: 0.001"
[1] "lambda: 0.01"
[1] "lambda: 0.1"
[1] "rank: 2"
[1] "lambda: 1e-05"
[1] "lambda: 9.99999999999999e-05"
[1] "lambda: 0.001"
[1] "lambda: 0.01"
[1] "lambda: 0.1"
[1] "rank: 3"
[1] "lambda: 1e-05"
[1] "lambda: 9.99999999999999e-05"
[1] "lambda: 0.001"
[1] "lambda: 0.01"
[1] "lambda: 0.1"
[1] "rank: 4"
[1] "lambda: 1e-05"
[1] "lambda: 9.99999999999999e-05"
[1] "lambda: 0.001"
[1] "lambda: 0.01"
[1] "lambda: 0.1"
[1] "rank: 5"
[1] "lambda: 1e-05"
[1] "lambda: 9.99999999999999e-05"
[1] "lambda: 0.001"
[1] "lambda: 0.01"
[1] "lambda: 0.1"
[1] "rank: 6"
[1] "lambda: 1e-05"
[1] "lambda: 9.99999999999999e-05"
[1] "lambda: 0.001"
[1] "lambda: 0.01"
[1] "lambda: 0.1"
[1] "SIM ITER 2"
[1] "gamma: 1e-05"
[1] "lambda: 1e-05"
[1] "lambda: 9.99999999999999e-05"
[1] "lambda: 0.001"
[1] "lambda: 0.01"
[1] "lambda: 0.1"
[1] "gamma: 9.99999999999999e-05"
[1] "lambda: 1e-05"
[1] "lambda: 9.99999999999999e-05"
[1] "lambda: 0.001"
[1] "lambda: 0.01"
[1] "lambda: 0.1"
[1] "gamma: 0.001"
[1] "lambda: 1e-05"
[1] "lambda: 9.99999999999999e-05"
[1] "lambda: 0.001"
[1] "lambda: 0.01"
[1] "lambda: 0.1"
[1] "gamma: 0.01"
[1] "lambda: 1e-05"
[1] "lambda: 9.99999999999999e-05"
[1] "lambda: 0.001"
[1] "lambda: 0.01"
[1] "lambda: 0.1"
[1] "gamma: 0.1"
[1] "lambda: 1e-05"
[1] "lambda: 9.99999999999999e-05"
[1] "lambda: 0.001"
[1] "lambda: 0.01"
[1] "lambda: 0.1"
[1] "rank: 2"
[1] "lambda: 1e-05"
[1] "lambda: 9.99999999999999e-05"
[1] "lambda: 0.001"
[1] "lambda: 0.01"
[1] "lambda: 0.1"
[1] "rank: 3"
[1] "lambda: 1e-05"
[1] "lambda: 9.99999999999999e-05"
[1] "lambda: 0.001"
[1] "lambda: 0.01"
[1] "lambda: 0.1"
[1] "rank: 4"
[1] "lambda: 1e-05"
[1] "lambda: 9.99999999999999e-05"
[1] "lambda: 0.001"
[1] "lambda: 0.01"
[1] "lambda: 0.1"
[1] "rank: 5"
[1] "lambda: 1e-05"
[1] "lambda: 9.99999999999999e-05"
[1] "lambda: 0.001"
[1] "lambda: 0.01"
[1] "lambda: 0.1"
[1] "rank: 6"
[1] "lambda: 1e-05"
[1] "lambda: 9.99999999999999e-05"
[1] "lambda: 0.001"
[1] "lambda: 0.01"
[1] "lambda: 0.1"
[1] "SIM ITER 3"
[1] "gamma: 1e-05"
[1] "lambda: 1e-05"
[1] "lambda: 9.99999999999999e-05"
[1] "lambda: 0.001"
[1] "lambda: 0.01"
[1] "lambda: 0.1"
[1] "gamma: 9.99999999999999e-05"
[1] "lambda: 1e-05"
[1] "lambda: 9.99999999999999e-05"
[1] "lambda: 0.001"
[1] "lambda: 0.01"
[1] "lambda: 0.1"
[1] "gamma: 0.001"
[1] "lambda: 1e-05"
[1] "lambda: 9.99999999999999e-05"
[1] "lambda: 0.001"
[1] "lambda: 0.01"
[1] "lambda: 0.1"
[1] "gamma: 0.01"
[1] "lambda: 1e-05"
[1] "lambda: 9.99999999999999e-05"
[1] "lambda: 0.001"
[1] "lambda: 0.01"
[1] "lambda: 0.1"
[1] "gamma: 0.1"
[1] "lambda: 1e-05"
[1] "lambda: 9.99999999999999e-05"
[1] "lambda: 0.001"
[1] "lambda: 0.01"
[1] "lambda: 0.1"
[1] "rank: 2"
[1] "lambda: 1e-05"
[1] "lambda: 9.99999999999999e-05"
[1] "lambda: 0.001"
[1] "lambda: 0.01"
[1] "lambda: 0.1"
[1] "rank: 3"
[1] "lambda: 1e-05"
[1] "lambda: 9.99999999999999e-05"
[1] "lambda: 0.001"
[1] "lambda: 0.01"
[1] "lambda: 0.1"
[1] "rank: 4"
[1] "lambda: 1e-05"
[1] "lambda: 9.99999999999999e-05"
[1] "lambda: 0.001"
[1] "lambda: 0.01"
[1] "lambda: 0.1"
[1] "rank: 5"
[1] "lambda: 1e-05"
[1] "lambda: 9.99999999999999e-05"
[1] "lambda: 0.001"
[1] "lambda: 0.01"
[1] "lambda: 0.1"
[1] "rank: 6"
[1] "lambda: 1e-05"
[1] "lambda: 9.99999999999999e-05"
[1] "lambda: 0.001"
[1] "lambda: 0.01"
[1] "lambda: 0.1"
[1] "SIM ITER 4"
[1] "gamma: 1e-05"
[1] "lambda: 1e-05"
[1] "lambda: 9.99999999999999e-05"
[1] "lambda: 0.001"
[1] "lambda: 0.01"
[1] "lambda: 0.1"
[1] "gamma: 9.99999999999999e-05"
[1] "lambda: 1e-05"
[1] "lambda: 9.99999999999999e-05"
[1] "lambda: 0.001"
[1] "lambda: 0.01"
[1] "lambda: 0.1"
[1] "gamma: 0.001"
[1] "lambda: 1e-05"
[1] "lambda: 9.99999999999999e-05"
[1] "lambda: 0.001"
[1] "lambda: 0.01"
[1] "lambda: 0.1"
[1] "gamma: 0.01"
[1] "lambda: 1e-05"
[1] "lambda: 9.99999999999999e-05"
[1] "lambda: 0.001"
[1] "lambda: 0.01"
[1] "lambda: 0.1"
[1] "gamma: 0.1"
[1] "lambda: 1e-05"
[1] "lambda: 9.99999999999999e-05"
[1] "lambda: 0.001"
[1] "lambda: 0.01"
[1] "lambda: 0.1"
[1] "rank: 2"
[1] "lambda: 1e-05"
[1] "lambda: 9.99999999999999e-05"
[1] "lambda: 0.001"
[1] "lambda: 0.01"
[1] "lambda: 0.1"
[1] "rank: 3"
[1] "lambda: 1e-05"
[1] "lambda: 9.99999999999999e-05"
[1] "lambda: 0.001"
[1] "lambda: 0.01"
[1] "lambda: 0.1"
[1] "rank: 4"
[1] "lambda: 1e-05"
[1] "lambda: 9.99999999999999e-05"
[1] "lambda: 0.001"
[1] "lambda: 0.01"
[1] "lambda: 0.1"
[1] "rank: 5"
[1] "lambda: 1e-05"
[1] "lambda: 9.99999999999999e-05"
[1] "lambda: 0.001"
[1] "lambda: 0.01"
[1] "lambda: 0.1"
[1] "rank: 6"
[1] "lambda: 1e-05"
[1] "lambda: 9.99999999999999e-05"
[1] "lambda: 0.001"
[1] "lambda: 0.01"
[1] "lambda: 0.1"
[1] "SIM ITER 5"
[1] "gamma: 1e-05"
[1] "lambda: 1e-05"
[1] "lambda: 9.99999999999999e-05"
[1] "lambda: 0.001"
[1] "lambda: 0.01"
[1] "lambda: 0.1"
[1] "gamma: 9.99999999999999e-05"
[1] "lambda: 1e-05"
[1] "lambda: 9.99999999999999e-05"
[1] "lambda: 0.001"
[1] "lambda: 0.01"
[1] "lambda: 0.1"
[1] "gamma: 0.001"
[1] "lambda: 1e-05"
[1] "lambda: 9.99999999999999e-05"
[1] "lambda: 0.001"
[1] "lambda: 0.01"
[1] "lambda: 0.1"
[1] "gamma: 0.01"
[1] "lambda: 1e-05"
[1] "lambda: 9.99999999999999e-05"
[1] "lambda: 0.001"
[1] "lambda: 0.01"
[1] "lambda: 0.1"
[1] "gamma: 0.1"
[1] "lambda: 1e-05"
[1] "lambda: 9.99999999999999e-05"
[1] "lambda: 0.001"
[1] "lambda: 0.01"
[1] "lambda: 0.1"
[1] "rank: 2"
[1] "lambda: 1e-05"
[1] "lambda: 9.99999999999999e-05"
[1] "lambda: 0.001"
[1] "lambda: 0.01"
[1] "lambda: 0.1"
[1] "rank: 3"
[1] "lambda: 1e-05"
[1] "lambda: 9.99999999999999e-05"
[1] "lambda: 0.001"
[1] "lambda: 0.01"
[1] "lambda: 0.1"
[1] "rank: 4"
[1] "lambda: 1e-05"
[1] "lambda: 9.99999999999999e-05"
[1] "lambda: 0.001"
[1] "lambda: 0.01"
[1] "lambda: 0.1"
[1] "rank: 5"
[1] "lambda: 1e-05"
[1] "lambda: 9.99999999999999e-05"
[1] "lambda: 0.001"
[1] "lambda: 0.01"
[1] "lambda: 0.1"
[1] "rank: 6"
[1] "lambda: 1e-05"
[1] "lambda: 9.99999999999999e-05"
[1] "lambda: 0.001"
[1] "lambda: 0.01"
[1] "lambda: 0.1"
[1] "SIM ITER 6"
[1] "gamma: 1e-05"
[1] "lambda: 1e-05"
[1] "lambda: 9.99999999999999e-05"
[1] "lambda: 0.001"
[1] "lambda: 0.01"
[1] "lambda: 0.1"
[1] "gamma: 9.99999999999999e-05"
[1] "lambda: 1e-05"
[1] "lambda: 9.99999999999999e-05"
[1] "lambda: 0.001"
[1] "lambda: 0.01"
[1] "lambda: 0.1"
[1] "gamma: 0.001"
[1] "lambda: 1e-05"
[1] "lambda: 9.99999999999999e-05"
[1] "lambda: 0.001"
[1] "lambda: 0.01"
[1] "lambda: 0.1"
[1] "gamma: 0.01"
[1] "lambda: 1e-05"
[1] "lambda: 9.99999999999999e-05"
[1] "lambda: 0.001"
[1] "lambda: 0.01"
[1] "lambda: 0.1"
[1] "gamma: 0.1"
[1] "lambda: 1e-05"
[1] "lambda: 9.99999999999999e-05"
[1] "lambda: 0.001"
[1] "lambda: 0.01"
[1] "lambda: 0.1"
[1] "rank: 2"
[1] "lambda: 1e-05"
[1] "lambda: 9.99999999999999e-05"
[1] "lambda: 0.001"
[1] "lambda: 0.01"
[1] "lambda: 0.1"
[1] "rank: 3"
[1] "lambda: 1e-05"
[1] "lambda: 9.99999999999999e-05"
[1] "lambda: 0.001"
[1] "lambda: 0.01"
[1] "lambda: 0.1"
[1] "rank: 4"
[1] "lambda: 1e-05"
[1] "lambda: 9.99999999999999e-05"
[1] "lambda: 0.001"
[1] "lambda: 0.01"
[1] "lambda: 0.1"
[1] "rank: 5"
[1] "lambda: 1e-05"
[1] "lambda: 9.99999999999999e-05"
[1] "lambda: 0.001"
[1] "lambda: 0.01"
[1] "lambda: 0.1"
[1] "rank: 6"
[1] "lambda: 1e-05"
[1] "lambda: 9.99999999999999e-05"
[1] "lambda: 0.001"
[1] "lambda: 0.01"
[1] "lambda: 0.1"
[1] "SIM ITER 7"
[1] "gamma: 1e-05"
[1] "lambda: 1e-05"
[1] "lambda: 9.99999999999999e-05"
[1] "lambda: 0.001"
[1] "lambda: 0.01"
[1] "lambda: 0.1"
[1] "gamma: 9.99999999999999e-05"
[1] "lambda: 1e-05"
[1] "lambda: 9.99999999999999e-05"
[1] "lambda: 0.001"
[1] "lambda: 0.01"
[1] "lambda: 0.1"
[1] "gamma: 0.001"
[1] "lambda: 1e-05"
[1] "lambda: 9.99999999999999e-05"
[1] "lambda: 0.001"
[1] "lambda: 0.01"
[1] "lambda: 0.1"
[1] "gamma: 0.01"
[1] "lambda: 1e-05"
[1] "lambda: 9.99999999999999e-05"
[1] "lambda: 0.001"
[1] "lambda: 0.01"
[1] "lambda: 0.1"
[1] "gamma: 0.1"
[1] "lambda: 1e-05"
[1] "lambda: 9.99999999999999e-05"
[1] "lambda: 0.001"
[1] "lambda: 0.01"
[1] "lambda: 0.1"
[1] "rank: 2"
[1] "lambda: 1e-05"
[1] "lambda: 9.99999999999999e-05"
[1] "lambda: 0.001"
[1] "lambda: 0.01"
[1] "lambda: 0.1"
[1] "rank: 3"
[1] "lambda: 1e-05"
[1] "lambda: 9.99999999999999e-05"
[1] "lambda: 0.001"
[1] "lambda: 0.01"
[1] "lambda: 0.1"
[1] "rank: 4"
[1] "lambda: 1e-05"
[1] "lambda: 9.99999999999999e-05"
[1] "lambda: 0.001"
[1] "lambda: 0.01"
[1] "lambda: 0.1"
[1] "rank: 5"
[1] "lambda: 1e-05"
[1] "lambda: 9.99999999999999e-05"
[1] "lambda: 0.001"
[1] "lambda: 0.01"
[1] "lambda: 0.1"
[1] "rank: 6"
[1] "lambda: 1e-05"
[1] "lambda: 9.99999999999999e-05"
[1] "lambda: 0.001"
[1] "lambda: 0.01"
[1] "lambda: 0.1"
[1] "SIM ITER 8"
[1] "gamma: 1e-05"
[1] "lambda: 1e-05"
[1] "lambda: 9.99999999999999e-05"
[1] "lambda: 0.001"
[1] "lambda: 0.01"
[1] "lambda: 0.1"
[1] "gamma: 9.99999999999999e-05"
[1] "lambda: 1e-05"
[1] "lambda: 9.99999999999999e-05"
[1] "lambda: 0.001"
[1] "lambda: 0.01"
[1] "lambda: 0.1"
[1] "gamma: 0.001"
[1] "lambda: 1e-05"
[1] "lambda: 9.99999999999999e-05"
[1] "lambda: 0.001"
[1] "lambda: 0.01"
[1] "lambda: 0.1"
[1] "gamma: 0.01"
[1] "lambda: 1e-05"
[1] "lambda: 9.99999999999999e-05"
[1] "lambda: 0.001"
[1] "lambda: 0.01"
[1] "lambda: 0.1"
[1] "gamma: 0.1"
[1] "lambda: 1e-05"
[1] "lambda: 9.99999999999999e-05"
[1] "lambda: 0.001"
[1] "lambda: 0.01"
[1] "lambda: 0.1"
[1] "rank: 2"
[1] "lambda: 1e-05"
[1] "lambda: 9.99999999999999e-05"
[1] "lambda: 0.001"
[1] "lambda: 0.01"
[1] "lambda: 0.1"
[1] "rank: 3"
[1] "lambda: 1e-05"
[1] "lambda: 9.99999999999999e-05"
[1] "lambda: 0.001"
[1] "lambda: 0.01"
[1] "lambda: 0.1"
[1] "rank: 4"
[1] "lambda: 1e-05"
[1] "lambda: 9.99999999999999e-05"
[1] "lambda: 0.001"
[1] "lambda: 0.01"
[1] "lambda: 0.1"
[1] "rank: 5"
[1] "lambda: 1e-05"
[1] "lambda: 9.99999999999999e-05"
[1] "lambda: 0.001"
[1] "lambda: 0.01"
[1] "lambda: 0.1"
[1] "rank: 6"
[1] "lambda: 1e-05"
[1] "lambda: 9.99999999999999e-05"
[1] "lambda: 0.001"
[1] "lambda: 0.01"
[1] "lambda: 0.1"
[1] "SIM ITER 9"
[1] "gamma: 1e-05"
[1] "lambda: 1e-05"
[1] "lambda: 9.99999999999999e-05"
[1] "lambda: 0.001"
[1] "lambda: 0.01"
[1] "lambda: 0.1"
[1] "gamma: 9.99999999999999e-05"
[1] "lambda: 1e-05"
[1] "lambda: 9.99999999999999e-05"
[1] "lambda: 0.001"
[1] "lambda: 0.01"
[1] "lambda: 0.1"
[1] "gamma: 0.001"
[1] "lambda: 1e-05"
[1] "lambda: 9.99999999999999e-05"
[1] "lambda: 0.001"
[1] "lambda: 0.01"
[1] "lambda: 0.1"
[1] "gamma: 0.01"
[1] "lambda: 1e-05"
[1] "lambda: 9.99999999999999e-05"
[1] "lambda: 0.001"
[1] "lambda: 0.01"
[1] "lambda: 0.1"
[1] "gamma: 0.1"
[1] "lambda: 1e-05"
[1] "lambda: 9.99999999999999e-05"
[1] "lambda: 0.001"
[1] "lambda: 0.01"
[1] "lambda: 0.1"
[1] "rank: 2"
[1] "lambda: 1e-05"
[1] "lambda: 9.99999999999999e-05"
[1] "lambda: 0.001"
[1] "lambda: 0.01"
[1] "lambda: 0.1"
[1] "rank: 3"
[1] "lambda: 1e-05"
[1] "lambda: 9.99999999999999e-05"
[1] "lambda: 0.001"
[1] "lambda: 0.01"
[1] "lambda: 0.1"
[1] "rank: 4"
[1] "lambda: 1e-05"
[1] "lambda: 9.99999999999999e-05"
[1] "lambda: 0.001"
[1] "lambda: 0.01"
[1] "lambda: 0.1"
[1] "rank: 5"
[1] "lambda: 1e-05"
[1] "lambda: 9.99999999999999e-05"
[1] "lambda: 0.001"
[1] "lambda: 0.01"
[1] "lambda: 0.1"
[1] "rank: 6"
[1] "lambda: 1e-05"
[1] "lambda: 9.99999999999999e-05"
[1] "lambda: 0.001"
[1] "lambda: 0.01"
[1] "lambda: 0.1"
[1] "SIM ITER 10"
[1] "gamma: 1e-05"
[1] "lambda: 1e-05"
[1] "lambda: 9.99999999999999e-05"
[1] "lambda: 0.001"
[1] "lambda: 0.01"
[1] "lambda: 0.1"
[1] "gamma: 9.99999999999999e-05"
[1] "lambda: 1e-05"
[1] "lambda: 9.99999999999999e-05"
[1] "lambda: 0.001"
[1] "lambda: 0.01"
[1] "lambda: 0.1"
[1] "gamma: 0.001"
[1] "lambda: 1e-05"
[1] "lambda: 9.99999999999999e-05"
[1] "lambda: 0.001"
[1] "lambda: 0.01"
[1] "lambda: 0.1"
[1] "gamma: 0.01"
[1] "lambda: 1e-05"
[1] "lambda: 9.99999999999999e-05"
[1] "lambda: 0.001"
[1] "lambda: 0.01"
[1] "lambda: 0.1"
[1] "gamma: 0.1"
[1] "lambda: 1e-05"
[1] "lambda: 9.99999999999999e-05"
[1] "lambda: 0.001"
[1] "lambda: 0.01"
[1] "lambda: 0.1"
[1] "rank: 2"
[1] "lambda: 1e-05"
[1] "lambda: 9.99999999999999e-05"
[1] "lambda: 0.001"
[1] "lambda: 0.01"
[1] "lambda: 0.1"
[1] "rank: 3"
[1] "lambda: 1e-05"
[1] "lambda: 9.99999999999999e-05"
[1] "lambda: 0.001"
[1] "lambda: 0.01"
[1] "lambda: 0.1"
[1] "rank: 4"
[1] "lambda: 1e-05"
[1] "lambda: 9.99999999999999e-05"
[1] "lambda: 0.001"
[1] "lambda: 0.01"
[1] "lambda: 0.1"
[1] "rank: 5"
[1] "lambda: 1e-05"
[1] "lambda: 9.99999999999999e-05"
[1] "lambda: 0.001"
[1] "lambda: 0.01"
[1] "lambda: 0.1"
[1] "rank: 6"
[1] "lambda: 1e-05"
[1] "lambda: 9.99999999999999e-05"
[1] "lambda: 0.001"
[1] "lambda: 0.01"
[1] "lambda: 0.1"
[1] "SIM ITER 11"
[1] "gamma: 1e-05"
[1] "lambda: 1e-05"
[1] "lambda: 9.99999999999999e-05"
[1] "lambda: 0.001"
[1] "lambda: 0.01"
[1] "lambda: 0.1"
[1] "gamma: 9.99999999999999e-05"
[1] "lambda: 1e-05"
[1] "lambda: 9.99999999999999e-05"
[1] "lambda: 0.001"
[1] "lambda: 0.01"
[1] "lambda: 0.1"
[1] "gamma: 0.001"
[1] "lambda: 1e-05"
[1] "lambda: 9.99999999999999e-05"
[1] "lambda: 0.001"
[1] "lambda: 0.01"
[1] "lambda: 0.1"
[1] "gamma: 0.01"
[1] "lambda: 1e-05"
[1] "lambda: 9.99999999999999e-05"
[1] "lambda: 0.001"
[1] "lambda: 0.01"
[1] "lambda: 0.1"
[1] "gamma: 0.1"
[1] "lambda: 1e-05"
[1] "lambda: 9.99999999999999e-05"
[1] "lambda: 0.001"
[1] "lambda: 0.01"
[1] "lambda: 0.1"
[1] "rank: 2"
[1] "lambda: 1e-05"
[1] "lambda: 9.99999999999999e-05"
[1] "lambda: 0.001"
[1] "lambda: 0.01"
[1] "lambda: 0.1"
[1] "rank: 3"
[1] "lambda: 1e-05"
[1] "lambda: 9.99999999999999e-05"
[1] "lambda: 0.001"
[1] "lambda: 0.01"
[1] "lambda: 0.1"
[1] "rank: 4"
[1] "lambda: 1e-05"
[1] "lambda: 9.99999999999999e-05"
[1] "lambda: 0.001"
[1] "lambda: 0.01"
[1] "lambda: 0.1"
[1] "rank: 5"
[1] "lambda: 1e-05"
[1] "lambda: 9.99999999999999e-05"
[1] "lambda: 0.001"
[1] "lambda: 0.01"
[1] "lambda: 0.1"
[1] "rank: 6"
[1] "lambda: 1e-05"
[1] "lambda: 9.99999999999999e-05"
[1] "lambda: 0.001"
[1] "lambda: 0.01"
[1] "lambda: 0.1"
[1] "SIM ITER 12"
[1] "gamma: 1e-05"
[1] "lambda: 1e-05"
[1] "lambda: 9.99999999999999e-05"
[1] "lambda: 0.001"
[1] "lambda: 0.01"
[1] "lambda: 0.1"
[1] "gamma: 9.99999999999999e-05"
[1] "lambda: 1e-05"
[1] "lambda: 9.99999999999999e-05"
[1] "lambda: 0.001"
[1] "lambda: 0.01"
[1] "lambda: 0.1"
[1] "gamma: 0.001"
[1] "lambda: 1e-05"
[1] "lambda: 9.99999999999999e-05"
[1] "lambda: 0.001"
[1] "lambda: 0.01"
[1] "lambda: 0.1"
[1] "gamma: 0.01"
[1] "lambda: 1e-05"
[1] "lambda: 9.99999999999999e-05"
[1] "lambda: 0.001"
[1] "lambda: 0.01"
[1] "lambda: 0.1"
[1] "gamma: 0.1"
[1] "lambda: 1e-05"
[1] "lambda: 9.99999999999999e-05"
[1] "lambda: 0.001"
[1] "lambda: 0.01"
[1] "lambda: 0.1"
[1] "rank: 2"
[1] "lambda: 1e-05"
[1] "lambda: 9.99999999999999e-05"
[1] "lambda: 0.001"
[1] "lambda: 0.01"
[1] "lambda: 0.1"
[1] "rank: 3"
[1] "lambda: 1e-05"
[1] "lambda: 9.99999999999999e-05"
[1] "lambda: 0.001"
[1] "lambda: 0.01"
[1] "lambda: 0.1"
[1] "rank: 4"
[1] "lambda: 1e-05"
[1] "lambda: 9.99999999999999e-05"
[1] "lambda: 0.001"
[1] "lambda: 0.01"
[1] "lambda: 0.1"
[1] "rank: 5"
[1] "lambda: 1e-05"
[1] "lambda: 9.99999999999999e-05"
[1] "lambda: 0.001"
[1] "lambda: 0.01"
[1] "lambda: 0.1"
[1] "rank: 6"
[1] "lambda: 1e-05"
[1] "lambda: 9.99999999999999e-05"
[1] "lambda: 0.001"
[1] "lambda: 0.01"
[1] "lambda: 0.1"
[1] "SIM ITER 13"
[1] "gamma: 1e-05"
[1] "lambda: 1e-05"
[1] "lambda: 9.99999999999999e-05"
[1] "lambda: 0.001"
[1] "lambda: 0.01"
[1] "lambda: 0.1"
[1] "gamma: 9.99999999999999e-05"
[1] "lambda: 1e-05"
[1] "lambda: 9.99999999999999e-05"
[1] "lambda: 0.001"
[1] "lambda: 0.01"
[1] "lambda: 0.1"
[1] "gamma: 0.001"
[1] "lambda: 1e-05"
[1] "lambda: 9.99999999999999e-05"
[1] "lambda: 0.001"
[1] "lambda: 0.01"
[1] "lambda: 0.1"
[1] "gamma: 0.01"
[1] "lambda: 1e-05"
[1] "lambda: 9.99999999999999e-05"
[1] "lambda: 0.001"
[1] "lambda: 0.01"
[1] "lambda: 0.1"
[1] "gamma: 0.1"
[1] "lambda: 1e-05"
[1] "lambda: 9.99999999999999e-05"
[1] "lambda: 0.001"
[1] "lambda: 0.01"
[1] "lambda: 0.1"
[1] "rank: 2"
[1] "lambda: 1e-05"
[1] "lambda: 9.99999999999999e-05"
[1] "lambda: 0.001"
[1] "lambda: 0.01"
[1] "lambda: 0.1"
[1] "rank: 3"
[1] "lambda: 1e-05"
[1] "lambda: 9.99999999999999e-05"
[1] "lambda: 0.001"
[1] "lambda: 0.01"
[1] "lambda: 0.1"
[1] "rank: 4"
[1] "lambda: 1e-05"
[1] "lambda: 9.99999999999999e-05"
[1] "lambda: 0.001"
[1] "lambda: 0.01"
[1] "lambda: 0.1"
[1] "rank: 5"
[1] "lambda: 1e-05"
[1] "lambda: 9.99999999999999e-05"
[1] "lambda: 0.001"
[1] "lambda: 0.01"
[1] "lambda: 0.1"
[1] "rank: 6"
[1] "lambda: 1e-05"
[1] "lambda: 9.99999999999999e-05"
[1] "lambda: 0.001"
[1] "lambda: 0.01"
[1] "lambda: 0.1"
[1] "SIM ITER 14"
[1] "gamma: 1e-05"
[1] "lambda: 1e-05"
[1] "lambda: 9.99999999999999e-05"
[1] "lambda: 0.001"
[1] "lambda: 0.01"
[1] "lambda: 0.1"
[1] "gamma: 9.99999999999999e-05"
[1] "lambda: 1e-05"
[1] "lambda: 9.99999999999999e-05"
[1] "lambda: 0.001"
[1] "lambda: 0.01"
[1] "lambda: 0.1"
[1] "gamma: 0.001"
[1] "lambda: 1e-05"
[1] "lambda: 9.99999999999999e-05"
[1] "lambda: 0.001"
[1] "lambda: 0.01"
[1] "lambda: 0.1"
[1] "gamma: 0.01"
[1] "lambda: 1e-05"
[1] "lambda: 9.99999999999999e-05"
[1] "lambda: 0.001"
[1] "lambda: 0.01"
[1] "lambda: 0.1"
[1] "gamma: 0.1"
[1] "lambda: 1e-05"
[1] "lambda: 9.99999999999999e-05"
Error in eigen(a) : error code 1 from Lapack routine 'dsyevr'
Calls: runsim -> cv.lvg -> lvglasso -> nucl_shr -> eigen
Execution halted
